
Running check 'Phase 1: Preparation'
=================
APT Repositories:
=================
Repos:     No active apt repos in: /etc/apt/sources.list 
           Active apt repos in: /etc/apt/sources.list.d/alexlarsson-flatpak-focal.list 
           1: deb http://ppa.launchpad.net/alexlarsson/flatpak/ubuntu focal main
           Active apt repos in: /etc/apt/sources.list.d/apandada1-xournalpp-stable-focal.list 
           1: deb http://ppa.launchpad.net/apandada1/xournalpp-stable/ubuntu focal main
           Active apt repos in: /etc/apt/sources.list.d/google-chrome.list 
           1: deb [arch=amd64] http://dl.google.com/linux/chrome/deb/ stable main
           Active apt repos in: /etc/apt/sources.list.d/official-package-repositories.list 
           1: deb https://mirror.ufscar.br/mint-archive una main upstream import backport
           2: deb http://mirror.ufscar.br/ubuntu focal main restricted universe multiverse
           3: deb http://mirror.ufscar.br/ubuntu focal-updates main restricted universe multiverse
           4: deb http://mirror.ufscar.br/ubuntu focal-backports main restricted universe multiverse
           5: deb http://security.ubuntu.com/ubuntu/ focal-security main restricted universe multiverse
           6: deb http://archive.canonical.com/ubuntu/ focal partner
           Active apt repos in: /etc/apt/sources.list.d/papirus-papirus-focal.list 
           1: deb http://ppa.launchpad.net/papirus/papirus/ubuntu focal main
           Active apt repos in: /etc/apt/sources.list.d/qbittorrent-team-qbittorrent-stable-focal.list 
           1: deb http://ppa.launchpad.net/qbittorrent-team/qbittorrent-stable/ubuntu focal main
           Active apt repos in: /etc/apt/sources.list.d/sublime-text.list 
           1: deb https://download.sublimetext.com/ apt/stable/
           Active apt repos in: /etc/apt/sources.list.d/sylvain-pineau-kazam-focal.list 
           1: deb http://ppa.launchpad.net/sylvain-pineau/kazam/ubuntu focal main
           Active apt repos in: /etc/apt/sources.list.d/teamviewer.list 
           1: deb [signed-by=/usr/share/keyrings/teamviewer-keyring.gpg] https://linux.teamviewer.com/deb stable main
=================

Running check 'Linux Mint version'
Check succeeded:  Linux Mint version

Running check 'Power source'
Check succeeded:  Power source

Running check 'APT cache'
rm -rf /var/lib/apt/lists/*
DEBIAN_PRIORITY=critical apt-get update
Get:1 http://mirror.ufscar.br/ubuntu focal InRelease [265 kB]
Get:2 http://dl.google.com/linux/chrome/deb stable InRelease [1.825 B]
Ign:3 https://mirror.ufscar.br/mint-archive una InRelease
Get:4 http://security.ubuntu.com/ubuntu focal-security InRelease [114 kB]
Get:5 https://mirror.ufscar.br/mint-archive una Release [24,1 kB]
Get:6 https://linux.teamviewer.com/deb stable InRelease [11,9 kB]
Get:7 https://mirror.ufscar.br/mint-archive una Release.gpg [833 B]
Get:8 http://mirror.ufscar.br/ubuntu focal-updates InRelease [114 kB]
Get:9 http://mirror.ufscar.br/ubuntu focal-backports InRelease [108 kB]
Get:10 http://ppa.launchpad.net/alexlarsson/flatpak/ubuntu focal InRelease [24,3 kB]
Get:11 http://archive.canonical.com/ubuntu focal InRelease [12,1 kB]
Get:12 https://download.sublimetext.com apt/stable/ InRelease [2.536 B]
Get:13 http://dl.google.com/linux/chrome/deb stable/main amd64 Packages [1.077 B]
Get:14 https://linux.teamviewer.com/deb stable/main i386 Packages [7.785 B]
Get:15 https://linux.teamviewer.com/deb stable/main amd64 Packages [8.271 B]
Get:16 http://ppa.launchpad.net/apandada1/xournalpp-stable/ubuntu focal InRelease [17,6 kB]
Get:17 https://mirror.ufscar.br/mint-archive una/main i386 Packages [15,6 kB]
Get:18 https://mirror.ufscar.br/mint-archive una/main amd64 Packages [16,2 kB]
Get:19 https://mirror.ufscar.br/mint-archive una/upstream amd64 Packages [50,4 kB]
Get:20 https://mirror.ufscar.br/mint-archive una/upstream i386 Packages [13,5 kB]
Get:21 https://mirror.ufscar.br/mint-archive una/import amd64 Packages [8.168 B]
Get:22 https://mirror.ufscar.br/mint-archive una/import i386 Packages [3.273 B]
Get:23 https://mirror.ufscar.br/mint-archive una/backport amd64 Packages [90,3 kB]
Get:24 https://mirror.ufscar.br/mint-archive una/backport i386 Packages [27,1 kB]
Get:25 http://ppa.launchpad.net/papirus/papirus/ubuntu focal InRelease [18,0 kB]
Get:26 http://mirror.ufscar.br/ubuntu focal/main amd64 Packages [970 kB]
Get:27 http://ppa.launchpad.net/qbittorrent-team/qbittorrent-stable/ubuntu focal InRelease [18,1 kB]
Get:28 http://mirror.ufscar.br/ubuntu focal/main i386 Packages [718 kB]
Get:29 http://ppa.launchpad.net/sylvain-pineau/kazam/ubuntu focal InRelease [17,5 kB]
Get:30 http://archive.canonical.com/ubuntu focal/partner amd64 Packages [856 B]
Get:31 http://mirror.ufscar.br/ubuntu focal/main Translation-en [506 kB]
Get:32 http://archive.canonical.com/ubuntu focal/partner Translation-en [384 B]
Get:33 http://mirror.ufscar.br/ubuntu focal/main amd64 DEP-11 Metadata [494 kB]
Get:34 http://security.ubuntu.com/ubuntu focal-security/main amd64 Packages [2.235 kB]
Get:35 http://mirror.ufscar.br/ubuntu focal/main amd64 c-n-f Metadata [29,5 kB]
Get:36 http://mirror.ufscar.br/ubuntu focal/restricted amd64 Packages [22,0 kB]
Get:37 http://mirror.ufscar.br/ubuntu focal/restricted i386 Packages [8.112 B]
Get:38 http://mirror.ufscar.br/ubuntu focal/restricted Translation-en [6.212 B]
Get:39 http://mirror.ufscar.br/ubuntu focal/restricted amd64 c-n-f Metadata [392 B]
Get:40 http://mirror.ufscar.br/ubuntu focal/universe amd64 Packages [8.628 kB]
Get:41 https://download.sublimetext.com apt/stable/ Packages [6.373 B]
Get:42 http://ppa.launchpad.net/alexlarsson/flatpak/ubuntu focal/main amd64 Packages [4.372 B]
Get:43 http://ppa.launchpad.net/alexlarsson/flatpak/ubuntu focal/main i386 Packages [956 B]
Get:44 http://ppa.launchpad.net/alexlarsson/flatpak/ubuntu focal/main Translation-en [3.016 B]
Get:45 http://security.ubuntu.com/ubuntu focal-security/main i386 Packages [608 kB]
Get:46 http://mirror.ufscar.br/ubuntu focal/universe i386 Packages [4.642 kB]
Get:47 http://ppa.launchpad.net/apandada1/xournalpp-stable/ubuntu focal/main amd64 Packages [716 B]
Get:48 http://security.ubuntu.com/ubuntu focal-security/main Translation-en [359 kB]
Get:49 http://security.ubuntu.com/ubuntu focal-security/main amd64 DEP-11 Metadata [59,9 kB]
Get:50 http://ppa.launchpad.net/apandada1/xournalpp-stable/ubuntu focal/main Translation-en [1.128 B]
Get:51 http://security.ubuntu.com/ubuntu focal-security/main amd64 c-n-f Metadata [13,0 kB]
Get:52 http://security.ubuntu.com/ubuntu focal-security/restricted amd64 Packages [1.835 kB]
Get:53 http://ppa.launchpad.net/papirus/papirus/ubuntu focal/main i386 Packages [2.424 B]
Get:54 http://mirror.ufscar.br/ubuntu focal/universe Translation-en [5.124 kB]
Get:55 http://ppa.launchpad.net/papirus/papirus/ubuntu focal/main amd64 Packages [2.872 B]
Get:56 http://security.ubuntu.com/ubuntu focal-security/restricted i386 Packages [30,3 kB]
Get:57 http://ppa.launchpad.net/papirus/papirus/ubuntu focal/main Translation-en [1.176 B]
Get:58 http://security.ubuntu.com/ubuntu focal-security/restricted Translation-en [257 kB]
Get:59 http://security.ubuntu.com/ubuntu focal-security/restricted amd64 c-n-f Metadata [640 B]
Get:60 http://mirror.ufscar.br/ubuntu focal/universe amd64 DEP-11 Metadata [3.603 kB]
Get:61 http://security.ubuntu.com/ubuntu focal-security/universe i386 Packages [602 kB]
Get:62 http://ppa.launchpad.net/qbittorrent-team/qbittorrent-stable/ubuntu focal/main i386 Packages [496 B]
Get:63 http://security.ubuntu.com/ubuntu focal-security/universe amd64 Packages [846 kB]
Get:64 http://mirror.ufscar.br/ubuntu focal/universe amd64 c-n-f Metadata [265 kB]
Get:65 http://mirror.ufscar.br/ubuntu focal/multiverse i386 Packages [74,7 kB]
Get:66 http://mirror.ufscar.br/ubuntu focal/multiverse amd64 Packages [144 kB]
Get:67 http://mirror.ufscar.br/ubuntu focal/multiverse Translation-en [104 kB]
Get:68 http://mirror.ufscar.br/ubuntu focal/multiverse amd64 DEP-11 Metadata [48,4 kB]
Get:69 http://mirror.ufscar.br/ubuntu focal/multiverse amd64 c-n-f Metadata [9.136 B]
Get:70 http://mirror.ufscar.br/ubuntu focal-updates/main amd64 Packages [2.631 kB]
Get:71 http://ppa.launchpad.net/qbittorrent-team/qbittorrent-stable/ubuntu focal/main amd64 Packages [2.300 B]
Get:72 http://mirror.ufscar.br/ubuntu focal-updates/main i386 Packages [839 kB]
Get:73 http://mirror.ufscar.br/ubuntu focal-updates/main Translation-en [441 kB]
Get:74 http://mirror.ufscar.br/ubuntu focal-updates/main amd64 DEP-11 Metadata [274 kB]
Get:75 http://security.ubuntu.com/ubuntu focal-security/universe Translation-en [174 kB]
Get:76 http://mirror.ufscar.br/ubuntu focal-updates/main amd64 c-n-f Metadata [16,9 kB]
Get:77 http://mirror.ufscar.br/ubuntu focal-updates/restricted amd64 Packages [1.948 kB]
Get:78 http://mirror.ufscar.br/ubuntu focal-updates/restricted i386 Packages [31,7 kB]
Get:79 http://mirror.ufscar.br/ubuntu focal-updates/restricted Translation-en [272 kB]
Get:80 http://mirror.ufscar.br/ubuntu focal-updates/restricted amd64 c-n-f Metadata [636 B]
Get:81 http://mirror.ufscar.br/ubuntu focal-updates/universe i386 Packages [732 kB]
Get:82 http://ppa.launchpad.net/qbittorrent-team/qbittorrent-stable/ubuntu focal/main Translation-en [1.324 B]
Get:83 http://mirror.ufscar.br/ubuntu focal-updates/universe amd64 Packages [1.071 kB]
Get:84 http://mirror.ufscar.br/ubuntu focal-updates/universe Translation-en [255 kB]
Get:85 http://mirror.ufscar.br/ubuntu focal-updates/universe amd64 DEP-11 Metadata [410 kB]
Get:86 http://mirror.ufscar.br/ubuntu focal-updates/universe amd64 c-n-f Metadata [25,1 kB]
Get:87 http://mirror.ufscar.br/ubuntu focal-updates/multiverse i386 Packages [8.436 B]
Get:88 http://mirror.ufscar.br/ubuntu focal-updates/multiverse amd64 Packages [25,2 kB]
Get:89 http://ppa.launchpad.net/sylvain-pineau/kazam/ubuntu focal/main i386 Packages [612 B]
Get:90 http://mirror.ufscar.br/ubuntu focal-updates/multiverse Translation-en [7.408 B]
Get:91 http://mirror.ufscar.br/ubuntu focal-updates/multiverse amd64 DEP-11 Metadata [944 B]
Get:92 http://mirror.ufscar.br/ubuntu focal-updates/multiverse amd64 c-n-f Metadata [612 B]
Get:93 http://mirror.ufscar.br/ubuntu focal-backports/main i386 Packages [36,1 kB]
Get:94 http://mirror.ufscar.br/ubuntu focal-backports/main amd64 Packages [45,7 kB]
Get:95 http://mirror.ufscar.br/ubuntu focal-backports/main Translation-en [16,3 kB]
Get:96 http://mirror.ufscar.br/ubuntu focal-backports/main amd64 DEP-11 Metadata [7.996 B]
Get:97 http://mirror.ufscar.br/ubuntu focal-backports/main amd64 c-n-f Metadata [1.420 B]
Get:98 http://mirror.ufscar.br/ubuntu focal-backports/restricted amd64 c-n-f Metadata [116 B]
Get:99 http://mirror.ufscar.br/ubuntu focal-backports/universe amd64 Packages [25,0 kB]
Get:100 http://mirror.ufscar.br/ubuntu focal-backports/universe i386 Packages [13,8 kB]
Get:101 http://mirror.ufscar.br/ubuntu focal-backports/universe Translation-en [16,3 kB]
Get:102 http://mirror.ufscar.br/ubuntu focal-backports/universe amd64 DEP-11 Metadata [30,5 kB]
Get:103 http://mirror.ufscar.br/ubuntu focal-backports/universe amd64 c-n-f Metadata [880 B]
Get:104 http://mirror.ufscar.br/ubuntu focal-backports/multiverse amd64 c-n-f Metadata [116 B]
Get:105 http://ppa.launchpad.net/sylvain-pineau/kazam/ubuntu focal/main amd64 Packages [612 B]
Get:106 http://security.ubuntu.com/ubuntu focal-security/universe amd64 DEP-11 Metadata [95,9 kB]
Get:107 http://ppa.launchpad.net/sylvain-pineau/kazam/ubuntu focal/main Translation-en [360 B]
Get:108 http://security.ubuntu.com/ubuntu focal-security/universe amd64 c-n-f Metadata [18,5 kB]
Get:109 http://security.ubuntu.com/ubuntu focal-security/multiverse amd64 Packages [22,9 kB]
Get:110 http://security.ubuntu.com/ubuntu focal-security/multiverse i386 Packages [7.204 B]
Get:111 http://security.ubuntu.com/ubuntu focal-security/multiverse Translation-en [5.488 B]
Get:112 http://security.ubuntu.com/ubuntu focal-security/multiverse amd64 DEP-11 Metadata [940 B]
Get:113 http://security.ubuntu.com/ubuntu focal-security/multiverse amd64 c-n-f Metadata [540 B]
Fetched 42,8 MB in 19s (2.243 kB/s)
Reading package lists...
Check succeeded:  APT cache

Running check 'System snapshots'
mintupgrade-inhibit-power: no process found
