This is pdfTeX, Version 3.141592653-2.6-1.40.22 (TeX Live 2022/dev/Debian) (preloaded format=pdflatex 2023.6.16)  21 AUG 2023 04:44
entering extended mode
 restricted \write18 enabled.
 %&-line parsing enabled.
**main.tex
(./main.tex
LaTeX2e <2021-11-15> patch level 1
L3 programming layer <2022-01-21> (./USPSC-classe/USPSC.cls
Document Class: USPSC-classe/USPSC 01/06/2021 v3.1 USPSC
(/usr/share/texlive/texmf-dist/tex/latex/base/ifthen.sty
Package: ifthen 2020/11/24 v1.1c Standard LaTeX ifthen package (DPC)
)
(/usr/share/texlive/texmf-dist/tex/latex/memoir/memoir.cls
Document Class: memoir 2021/06/16 v3.7p configurable book, report, article docu
ment class
\onelineskip=\skip47
\lxvchars=\skip48
\xlvchars=\skip49
\@memcnta=\count185
\c@@memmarkcntra=\count186
(/usr/share/texlive/texmf-dist/tex/generic/iftex/iftex.sty
Package: iftex 2020/03/06 v1.0d TeX engine tests
)
\stockheight=\skip50
\stockwidth=\skip51
\trimtop=\skip52
\trimedge=\skip53

(/usr/share/texlive/texmf-dist/tex/latex/memoir/mem12.clo
File: mem12.clo 2010/10/19 v0.4b memoir class 12pt size option
)
\binding=\skip54
\spinemargin=\skip55
\foremargin=\skip56
\uppermargin=\skip57
\lowermargin=\skip58
\headdrop=\skip59
\normalrulethickness=\skip60
\mem@maxheadheight=\skip61
\mem@maxfootheight=\skip62
\headwidth=\skip63
\c@storedpagenumber=\count187
\memPD=\dimen138
\m@mabparskip=\skip64
\thanksmarkwidth=\skip65
\thanksmarksep=\skip66
\droptitle=\skip67
\c@book=\count188
\c@part=\count189
\c@chapter=\count190
\c@section=\count191
\c@subsection=\count192
\c@subsubsection=\count193
\c@paragraph=\count194
\c@subparagraph=\count195
\beforechapskip=\skip68
\midchapskip=\skip69
\afterchapskip=\skip70
\chapindent=\skip71
\bottomsectionskip=\skip72
\secindent=\skip73
\beforesecskip=\skip74
\aftersecskip=\skip75
\subsecindent=\skip76
\beforesubsecskip=\skip77
\aftersubsecskip=\skip78
\subsubsecindent=\skip79
\beforesubsubsecskip=\skip80
\aftersubsubsecskip=\skip81
\paraindent=\skip82
\beforeparaskip=\skip83
\afterparaskip=\skip84
\subparaindent=\skip85
\beforesubparaskip=\skip86
\aftersubparaskip=\skip87
\pfbreakskip=\skip88
\c@@ppsavesec=\count196
\c@@ppsaveapp=\count197
\ragrparindent=\dimen139
\everylistparindent=\dimen140
\parsepi=\skip89
\topsepi=\skip90
\itemsepi=\skip91
\parsepii=\skip92
\topsepii=\skip93
\topsepiii=\skip94
\itemsepii=\skip95
\itemsepiii=\skip96
\partopsepii=\skip97
\partopsepiii=\skip98
\m@msavetopsep=\skip99
\m@msavepartopsep=\skip100
\@enLab=\toks16
\abstitleskip=\skip101
\absleftindent=\skip102
\abs@leftindent=\dimen141
\absrightindent=\skip103
\absparindent=\skip104
\absparsep=\skip105
\c@vslineno=\count198
\c@poemline=\count199
\c@modulo@vs=\count266
\c@memfvsline=\count267
\vleftskip=\skip106
\vrightskip=\skip107
\stanzaskip=\skip108
\versewidth=\skip109
\vgap=\skip110
\vindent=\skip111
\vleftmargin=\dimen142
\c@verse=\count268
\c@chrsinstr=\count269
\beforepoemtitleskip=\skip112
\afterpoemtitleskip=\skip113
\c@poem=\count270
\beforePoemTitleskip=\skip114
\midPoemTitleskip=\skip115
\afterPoemTitleskip=\skip116

(/usr/share/texlive/texmf-dist/tex/latex/tools/array.sty
Package: array 2021/10/04 v2.5f Tabular extension package (FMi)
\col@sep=\dimen143
\ar@mcellbox=\box50
\extrarowheight=\dimen144
\NC@list=\toks17
\extratabsurround=\skip117
\backup@length=\skip118
\ar@cellbox=\box51
)
(/usr/share/texlive/texmf-dist/tex/latex/tools/dcolumn.sty
Package: dcolumn 2014/10/28 v1.06 decimal alignment package (DPC)
)
(/usr/share/texlive/texmf-dist/tex/latex/tools/delarray.sty
Package: delarray 2014/10/28 v1.01 array delimiter package (DPC)
)
(/usr/share/texlive/texmf-dist/tex/latex/tools/tabularx.sty
Package: tabularx 2020/01/15 v2.11c `tabularx' package (DPC)
\TX@col@width=\dimen145
\TX@old@table=\dimen146
\TX@old@col=\dimen147
\TX@target=\dimen148
\TX@delta=\dimen149
\TX@cols=\count271
\TX@ftn=\toks18
)
\heavyrulewidth=\dimen150
\lightrulewidth=\dimen151
\cmidrulewidth=\dimen152
\belowrulesep=\dimen153
\belowbottomsep=\dimen154
\aboverulesep=\dimen155
\abovetopsep=\dimen156
\cmidrulesep=\dimen157
\cmidrulekern=\dimen158
\defaultaddspace=\dimen159
\@cmidla=\count272
\@cmidlb=\count273
\@aboverulesep=\dimen160
\@belowrulesep=\dimen161
\@thisruleclass=\count274
\@lastruleclass=\count275
\@thisrulewidth=\dimen162
\ctableftskip=\skip119
\ctabrightskip=\skip120
\abovecolumnspenalty=\count276
\@linestogo=\count277
\@cellstogo=\count278
\@cellsincolumn=\count279
\crtok=\toks19
\@mincolumnwidth=\dimen163
\c@newflo@tctr=\count280
\mem@margin@floatbox=\box52
\@contcwidth=\skip121
\@contindw=\skip122
\abovecaptionskip=\skip123
\belowcaptionskip=\skip124
\subfloattopskip=\skip125
\subfloatcapskip=\skip126
\subfloatcaptopadj=\skip127
\subfloatbottomskip=\skip128
\subfloatlabelskip=\skip129
\subfloatcapmargin=\dimen164
\c@@contsubnum=\count281
\m@mscap@capbox=\box53
\m@mscap@fbox=\box54
\sidecapsep=\dimen165
\sidecapwidth=\dimen166
\m@m@tempdima=\dimen167
\m@mscapraise=\dimen168
\sidecapraise=\dimen169
\m@mscapmainwidth=\dimen170
\m@mscaplkern=\dimen171
\beforeepigraphskip=\skip130
\afterepigraphskip=\skip131
\epigraphwidth=\skip132
\epigraphrule=\skip133
LaTeX Info: Redefining \em on input line 7654.
LaTeX Info: Redefining \emph on input line 7662.
\tocentryskip=\skip134
\tocbaseline=\skip135
\cftparskip=\skip136
\cftbeforebookskip=\skip137
\cftbookindent=\dimen172
\cftbooknumwidth=\dimen173
\cftbeforepartskip=\skip138
\cftpartindent=\skip139
\cftpartnumwidth=\skip140
\cftbeforechapterskip=\skip141
\cftchapterindent=\skip142
\cftchapternumwidth=\skip143
\cftbeforesectionskip=\skip144
\cftsectionindent=\skip145
\cftsectionnumwidth=\skip146
\cftbeforesubsectionskip=\skip147
\cftsubsectionindent=\skip148
\cftsubsectionnumwidth=\skip149
\cftbeforesubsubsectionskip=\skip150
\cftsubsubsectionindent=\skip151
\cftsubsubsectionnumwidth=\skip152
\cftbeforeparagraphskip=\skip153
\cftparagraphindent=\skip154
\cftparagraphnumwidth=\skip155
\cftbeforesubparagraphskip=\skip156
\cftsubparagraphindent=\skip157
\cftsubparagraphnumwidth=\skip158
\prechapterprecisshift=\dimen174
\c@maxsecnumdepth=\count282
\bibindent=\dimen175
\bibitemsep=\skip159
\indexcolsep=\skip160
\indexrule=\skip161
\indexmarkstyle=\toks20
\@indexbox=\insert252
\glossarycolsep=\dimen176
\glossaryrule=\dimen177
\sideparvshift=\skip162
\sideins=\insert251
\sidebartopsep=\skip163
\sidebarhsep=\skip164
\sidebarvsep=\skip165
\sidebarwidth=\skip166
\footmarkwidth=\skip167
\footmarksep=\skip168
\footparindent=\skip169
\footinsdim=\skip170
\footinsv@r=\insert250
\@mpfootinsv@r=\insert249
\m@m@k=\count283
\m@m@h=\dimen178
\m@mipn@skip=\skip171
\sidefootins=\insert248
\sidefootadjust=\skip172
\sidefootheight=\skip173
\sidefoothsep=\skip174
\sidefootvsep=\skip175
\sidefootwidth=\skip176
\m@mdownsf=\skip177
\c@sidefootnote=\count284
\sidefootmarkwidth=\skip178
\sidefootmarksep=\skip179
\sidefootparindent=\skip180
\c@pagenote=\count285
\c@pagenoteshadow=\count286
\mem@pn@lastkern=\skip181
\every@verbatim=\toks21
\afterevery@verbatim=\toks22
\verbatim@line=\toks23
\tab@position=\count287
\verbatim@in@stream=\read2
\verbatimindent=\skip182
\verbatim@out=\write3
\bvboxsep=\skip183
\c@memfbvline=\count288
\c@bvlinectr=\count289
\bvnumlength=\skip184
\fb@frw=\dimen179
\fb@frh=\dimen180
\FrameRule=\dimen181
\FrameSep=\dimen182


LaTeX hooks Warning: Generic hook 'package/before/framed' is deprecated.
(hooks)              Use hook 'package/framed/before' instead.

\c@cp@cntr=\count290
\c@ism@mctr=\count291
\c@xsm@mctr=\count292
\c@csm@mctr=\count293
\c@ksm@mctr=\count294
\c@xksm@mctr=\count295
\c@cksm@mctr=\count296
\c@msm@mctr=\count297
\c@xmsm@mctr=\count298
\c@cmsm@mctr=\count299
\c@bsm@mctr=\count300
\c@workm@mctr=\count301
\c@sheetsequence=\count302
\c@lastsheet=\count303
\c@lastpage=\count304
(/usr/share/texlive/texmf-dist/tex/latex/textcase/textcase.sty
Package: textcase 2019/09/14 v1.00 Text only upper/lower case changing (DPC)
)
\c@figure=\count305
\c@lofdepth=\count306
\cftbeforefigureskip=\skip185
\cftfigureindent=\skip186
\cftfigurenumwidth=\skip187
\c@table=\count307
\c@lotdepth=\count308
\cftbeforetableskip=\skip188
\cfttableindent=\skip189
\cfttablenumwidth=\skip190
Package abstract [2008/07/23] emulated by memoir.
Package appendix [2008/07/23] emulated by memoir.
Package booktabs [2016/05/16] emulated by memoir.
Package ccaption [2008/07/23] emulated by memoir.
Package changepage [2008/07/23] emulated by memoir.
Package chngcntr [2008/07/23] emulated by memoir.
Package chngpage [2008/07/23] emulated by memoir.
Package crop emulated by memoir.
Package enumerate [2008/07/23] emulated by memoir.
Package epigraph [2008/07/23] emulated by memoir.
Package ifmtarg [2008/07/23] emulated by memoir.
Package index [2008/07/23] emulated by memoir.
Package makeidx [2008/07/23] emulated by memoir.
Package moreverb [2008/07/23] emulated by memoir.
Package needspace [2008/07/23] emulated by memoir.
Package newfile [2008/07/23] emulated by memoir.
Package nextpage [2008/07/23] emulated by memoir.
Package pagenote [2008/07/23] emulated by memoir.
Package parskip [2008/07/23] emulated by memoir.
Package patchcmd [2008/07/23] emulated by memoir.
Package setspace [2008/07/23] emulated by memoir.
Package shortvrb [2008/07/23] emulated by memoir.
Package showidx [2008/07/23] emulated by memoir.
Package titleref [2008/07/23] emulated by memoir.
Package titling [2008/07/23] emulated by memoir.
Package tocbibind [2008/07/23] emulated by memoir.
Package tocloft [2008/07/23] emulated by memoir.
Package tocvsec2 [2008/07/23] emulated by memoir.
Package verbatim [2008/07/23] emulated by memoir.
Package verse [2008/07/23] emulated by memoir.


LaTeX hooks Warning: Generic hook 'package/before/float' is deprecated.
(hooks)              Use hook 'package/float/before' instead.

) (/usr/share/texlive/texmf-dist/tex/latex/graphics/color.sty
Package: color 2021/12/07 v1.3c Standard LaTeX Color (DPC)

(/usr/share/texlive/texmf-dist/tex/latex/graphics-cfg/color.cfg
File: color.cfg 2016/01/02 v1.6 sample color configuration
)
Package color Info: Driver file: pdftex.def on input line 149.

(/usr/share/texlive/texmf-dist/tex/latex/graphics-def/pdftex.def
File: pdftex.def 2020/10/05 v1.2a Graphics/color driver for pdftex
))
(/usr/share/texlive/texmf-dist/tex/latex/xcolor/xcolor.sty
Package: xcolor 2021/10/31 v2.13 LaTeX color extensions (UK)

(/usr/share/texlive/texmf-dist/tex/latex/graphics-cfg/color.cfg
File: color.cfg 2016/01/02 v1.6 sample color configuration
)
Package xcolor Info: Driver file: pdftex.def on input line 227.
LaTeX Info: Redefining \color on input line 711.
Package xcolor Info: Model `cmy' substituted by `cmy0' on input line 1352.
Package xcolor Info: Model `hsb' substituted by `rgb' on input line 1356.
Package xcolor Info: Model `RGB' extended on input line 1368.
Package xcolor Info: Model `HTML' substituted by `rgb' on input line 1370.
Package xcolor Info: Model `Hsb' substituted by `hsb' on input line 1371.
Package xcolor Info: Model `tHsb' substituted by `hsb' on input line 1372.
Package xcolor Info: Model `HSB' substituted by `hsb' on input line 1373.
Package xcolor Info: Model `Gray' substituted by `gray' on input line 1374.
Package xcolor Info: Model `wave' substituted by `hsb' on input line 1375.
)
(/usr/share/texlive/texmf-dist/tex/latex/hyperref/hyperref.sty
Package: hyperref 2021-06-07 v7.00m Hypertext links for LaTeX

(/usr/share/texlive/texmf-dist/tex/generic/ltxcmds/ltxcmds.sty
Package: ltxcmds 2020-05-10 v1.25 LaTeX kernel commands for general use (HO)
)
(/usr/share/texlive/texmf-dist/tex/generic/pdftexcmds/pdftexcmds.sty
Package: pdftexcmds 2020-06-27 v0.33 Utility functions of pdfTeX for LuaTeX (HO
)

(/usr/share/texlive/texmf-dist/tex/generic/infwarerr/infwarerr.sty
Package: infwarerr 2019/12/03 v1.5 Providing info/warning/error messages (HO)
)
Package pdftexcmds Info: \pdf@primitive is available.
Package pdftexcmds Info: \pdf@ifprimitive is available.
Package pdftexcmds Info: \pdfdraftmode found.
)
(/usr/share/texlive/texmf-dist/tex/latex/graphics/keyval.sty
Package: keyval 2014/10/28 v1.15 key=value parser (DPC)
\KV@toks@=\toks24
)
(/usr/share/texlive/texmf-dist/tex/generic/kvsetkeys/kvsetkeys.sty
Package: kvsetkeys 2019/12/15 v1.18 Key value parser (HO)
)
(/usr/share/texlive/texmf-dist/tex/generic/kvdefinekeys/kvdefinekeys.sty
Package: kvdefinekeys 2019-12-19 v1.6 Define keys (HO)
)
(/usr/share/texlive/texmf-dist/tex/generic/pdfescape/pdfescape.sty
Package: pdfescape 2019/12/09 v1.15 Implements pdfTeX's escape features (HO)
)
(/usr/share/texlive/texmf-dist/tex/latex/hycolor/hycolor.sty
Package: hycolor 2020-01-27 v1.10 Color options for hyperref/bookmark (HO)
)
(/usr/share/texlive/texmf-dist/tex/latex/letltxmacro/letltxmacro.sty
Package: letltxmacro 2019/12/03 v1.6 Let assignment for LaTeX macros (HO)
)
(/usr/share/texlive/texmf-dist/tex/latex/auxhook/auxhook.sty
Package: auxhook 2019-12-17 v1.6 Hooks for auxiliary files (HO)
)
(/usr/share/texlive/texmf-dist/tex/latex/kvoptions/kvoptions.sty
Package: kvoptions 2020-10-07 v3.14 Key value format for package options (HO)
)
\@linkdim=\dimen183
\Hy@linkcounter=\count309
\Hy@pagecounter=\count310

(/usr/share/texlive/texmf-dist/tex/latex/hyperref/pd1enc.def
File: pd1enc.def 2021-06-07 v7.00m Hyperref: PDFDocEncoding definition (HO)
Now handling font encoding PD1 ...
... no UTF-8 mapping file for font encoding PD1
)
(/usr/share/texlive/texmf-dist/tex/latex/hyperref/hyperref-langpatches.def
File: hyperref-langpatches.def 2021-06-07 v7.00m Hyperref: patches for babel la
nguages
)
(/usr/share/texlive/texmf-dist/tex/generic/intcalc/intcalc.sty
Package: intcalc 2019/12/15 v1.3 Expandable calculations with integers (HO)
)
(/usr/share/texlive/texmf-dist/tex/generic/etexcmds/etexcmds.sty
Package: etexcmds 2019/12/15 v1.7 Avoid name clashes with e-TeX commands (HO)
)
\Hy@SavedSpaceFactor=\count311

(/usr/share/texlive/texmf-dist/tex/latex/hyperref/puenc.def
File: puenc.def 2021-06-07 v7.00m Hyperref: PDF Unicode definition (HO)
Now handling font encoding PU ...
... no UTF-8 mapping file for font encoding PU
)
Package hyperref Info: Hyper figures OFF on input line 4192.
Package hyperref Info: Link nesting OFF on input line 4197.
Package hyperref Info: Hyper index ON on input line 4200.
Package hyperref Info: Plain pages OFF on input line 4207.
Package hyperref Info: Backreferencing OFF on input line 4212.
Package hyperref Info: Implicit mode ON; LaTeX internals redefined.
Package hyperref Info: Bookmarks ON on input line 4445.
\c@Hy@tempcnt=\count312

(/usr/share/texlive/texmf-dist/tex/latex/url/url.sty
\Urlmuskip=\muskip16
Package: url 2013/09/16  ver 3.4  Verb mode for urls, etc.
)
LaTeX Info: Redefining \url on input line 4804.
\XeTeXLinkMargin=\dimen184

(/usr/share/texlive/texmf-dist/tex/generic/bitset/bitset.sty
Package: bitset 2019/12/09 v1.3 Handle bit-vector datatype (HO)

(/usr/share/texlive/texmf-dist/tex/generic/bigintcalc/bigintcalc.sty
Package: bigintcalc 2019/12/15 v1.5 Expandable calculations on big integers (HO
)
))
\Fld@menulength=\count313
\Field@Width=\dimen185
\Fld@charsize=\dimen186
Package hyperref Info: Hyper figures OFF on input line 6076.
Package hyperref Info: Link nesting OFF on input line 6081.
Package hyperref Info: Hyper index ON on input line 6084.
Package hyperref Info: backreferencing OFF on input line 6091.
Package hyperref Info: Link coloring OFF on input line 6096.
Package hyperref Info: Link coloring with OCG OFF on input line 6101.
Package hyperref Info: PDF/A mode OFF on input line 6106.
LaTeX Info: Redefining \ref on input line 6146.
LaTeX Info: Redefining \pageref on input line 6150.

(/usr/share/texlive/texmf-dist/tex/latex/base/atbegshi-ltx.sty
Package: atbegshi-ltx 2021/01/10 v1.0c Emulation of the original atbegshi
package with kernel methods
)
\Hy@abspage=\count314
\c@Item=\count315
\c@Hfootnote=\count316
)
(/usr/share/texlive/texmf-dist/tex/latex/memoir/memhfixc.sty
Package: memhfixc 2021/06/16 v1.19 nameref/hyperref package fixes for memoir cl
ass


LaTeX hooks Warning: Generic hook 'package/after/nameref' is deprecated.
(hooks)              Use hook 'package/nameref/after' instead.

\c@memhycontfloat=\count317
\c@Hpagenote=\count318

LaTeX hooks Warning: Generic hook 'package/after/hypcap' is deprecated.
(hooks)              Use hook 'package/hypcap/after' instead.

)
Package hyperref Info: Driver (autodetected): hpdftex.
 (/usr/share/texlive/texmf-dist/tex/latex/hyperref/hpdftex.def
File: hpdftex.def 2021-06-07 v7.00m Hyperref driver for pdfTeX

(/usr/share/texlive/texmf-dist/tex/latex/base/atveryend-ltx.sty
Package: atveryend-ltx 2020/08/19 v1.0a Emulation of the original atveryend pac
kage
with kernel methods
)
\Fld@listcount=\count319
\c@bookmark@seq@number=\count320

(/usr/share/texlive/texmf-dist/tex/latex/rerunfilecheck/rerunfilecheck.sty
Package: rerunfilecheck 2019/12/05 v1.9 Rerun checks for auxiliary files (HO)

(/usr/share/texlive/texmf-dist/tex/generic/uniquecounter/uniquecounter.sty
Package: uniquecounter 2019/12/15 v1.4 Provide unlimited unique counter (HO)
)
Package uniquecounter Info: New unique counter `rerunfilecheck' on input line 2
86.
)
\Hy@SectionHShift=\skip191
)
(/usr/share/texlive/texmf-dist/tex/latex/bookmark/bookmark.sty
Package: bookmark 2020-11-06 v1.29 PDF bookmarks (HO)

(/usr/share/texlive/texmf-dist/tex/latex/bookmark/bkm-pdftex.def
File: bkm-pdftex.def 2020-11-06 v1.29 bookmark driver for pdfTeX (HO)
\BKM@id=\count321
))
(/usr/share/texlive/texmf-dist/tex/generic/babel/babel.sty
Package: babel 2022/01/26 3.70 The Babel package
\babel@savecnt=\count322
\U@D=\dimen187
\l@unhyphenated=\language10

(/usr/share/texlive/texmf-dist/tex/generic/babel/txtbabel.def)
\bbl@readstream=\read3
\bbl@dirlevel=\count323

(/usr/share/texlive/texmf-dist/tex/generic/babel-english/english.ldf
Language: english 2017/06/06 v3.3r English support from the babel system
Package babel Info: Hyphen rules for 'canadian' set to \l@english
(babel)             (\language0). Reported on input line 102.
Package babel Info: Hyphen rules for 'australian' set to \l@ukenglish
(babel)             (\language3). Reported on input line 105.
Package babel Info: Hyphen rules for 'newzealand' set to \l@ukenglish
(babel)             (\language3). Reported on input line 108.
)
(/usr/share/texlive/texmf-dist/tex/generic/babel-portuges/brazil.ldf
Language: portuges 2021/07/09 v1.2t Portuguese support from the babel system
Package babel Info: Hyphen rules for 'brazil' set to \l@portuguese
(babel)             (\language7). Reported on input line 111.
Package babel Info: Making " an active character on input line 143.
))
(/usr/share/texlive/texmf-dist/tex/latex/enumitem/enumitem.sty
Package: enumitem 2019/06/20 v3.9 Customized lists
\labelindent=\skip192
\enit@outerparindent=\dimen188
\enit@toks=\toks25
\enit@inbox=\box55
\enit@count@id=\count324
\enitdp@description=\count325
)
(/usr/share/texlive/texmf-dist/tex/latex/tools/calc.sty
Package: calc 2017/05/25 v4.3 Infix arithmetic (KKT,FJ)
\calc@Acount=\count326
\calc@Bcount=\count327
\calc@Adimen=\dimen189
\calc@Bdimen=\dimen190
\calc@Askip=\skip193
\calc@Bskip=\skip194
LaTeX Info: Redefining \setlength on input line 80.
LaTeX Info: Redefining \addtolength on input line 81.
\calc@Ccount=\count328
\calc@Cskip=\skip195
)

******************************************************
Stock height and width: 845.04684pt by 597.50787pt
Top and edge trims: 0pt and 0pt
Page height and width: 845.04684pt by 597.50787pt
Text height and width: 708pt by 455pt
Spine and edge margins: 85.35826pt and 56.9055pt
Upper and lower margins: 85.35826pt and 51.68858pt
Headheight and headsep: 14.5pt and 19.8738pt
Footskip: 30pt
Columnsep and columnseprule: 10pt and 0pt
Marginparsep and marginparwidth: 7pt and 42.9055pt
Sidecapsep and sidecapwidth: 7pt and 92pt
Sidebarhsep and sidebarwidth: 7pt and 92pt
Sidebarvsep and sidebartopsep: 14.5pt and 0pt
Sidebarheight: 590.14995pt
Sidefoothsep and sidefootwidth: 7pt and 92pt
Sidefootvsep and sidefootheight: 14.5pt and 590.14995pt
******************************************************

\c@abntex@bookmarkcounter=\count329

LaTeX hooks Warning: Generic hook 'package/after/caption' is deprecated.
(hooks)              Use hook 'package/caption/after' instead.

\c@quadro=\count330
\c@loqdepth=\count331
\cftbeforequadroskip=\skip196
\cftquadroindent=\skip197
\cftquadronumwidth=\skip198
\cftlastnumwidth=\skip199
\chapternamenumlength=\skip256
\ABNTEXcitacaorecuo=\skip257
\c@alineasi=\count332
\c@alineasii=\count333
\enitdp@alineas=\count334
\c@subalineasi=\count335
\enitdp@subalineas=\count336
\c@incisosi=\count337
\enitdp@incisos=\count338
\ABNTEXsignwidth=\skip258
\ABNTEXsignthickness=\skip259
\ABNTEXsignskip=\skip260

LaTeX Warning: \include should only be used after \begin{document} on input lin
e 1267.

(./USPSC-unidades.tex)) (./settings.tex
(/usr/share/texlive/texmf-dist/tex/latex/base/fontenc.sty
Package: fontenc 2021/04/29 v2.0v Standard LaTeX package
)
(/usr/share/texlive/texmf-dist/tex/latex/base/inputenc.sty
Package: inputenc 2021/02/14 v1.3d Input encoding file
\inpenc@prehook=\toks26
\inpenc@posthook=\toks27
)
(/usr/share/texmf/tex/latex/lm/lmodern.sty
Package: lmodern 2009/10/30 v1.6 Latin Modern Fonts
LaTeX Font Info:    Overwriting symbol font `operators' in version `normal'
(Font)                  OT1/cmr/m/n --> OT1/lmr/m/n on input line 22.
LaTeX Font Info:    Overwriting symbol font `letters' in version `normal'
(Font)                  OML/cmm/m/it --> OML/lmm/m/it on input line 23.
LaTeX Font Info:    Overwriting symbol font `symbols' in version `normal'
(Font)                  OMS/cmsy/m/n --> OMS/lmsy/m/n on input line 24.
LaTeX Font Info:    Overwriting symbol font `largesymbols' in version `normal'
(Font)                  OMX/cmex/m/n --> OMX/lmex/m/n on input line 25.
LaTeX Font Info:    Overwriting symbol font `operators' in version `bold'
(Font)                  OT1/cmr/bx/n --> OT1/lmr/bx/n on input line 26.
LaTeX Font Info:    Overwriting symbol font `letters' in version `bold'
(Font)                  OML/cmm/b/it --> OML/lmm/b/it on input line 27.
LaTeX Font Info:    Overwriting symbol font `symbols' in version `bold'
(Font)                  OMS/cmsy/b/n --> OMS/lmsy/b/n on input line 28.
LaTeX Font Info:    Overwriting symbol font `largesymbols' in version `bold'
(Font)                  OMX/cmex/m/n --> OMX/lmex/m/n on input line 29.
LaTeX Font Info:    Overwriting math alphabet `\mathbf' in version `normal'
(Font)                  OT1/cmr/bx/n --> OT1/lmr/bx/n on input line 31.
LaTeX Font Info:    Overwriting math alphabet `\mathsf' in version `normal'
(Font)                  OT1/cmss/m/n --> OT1/lmss/m/n on input line 32.
LaTeX Font Info:    Overwriting math alphabet `\mathit' in version `normal'
(Font)                  OT1/cmr/m/it --> OT1/lmr/m/it on input line 33.
LaTeX Font Info:    Overwriting math alphabet `\mathtt' in version `normal'
(Font)                  OT1/cmtt/m/n --> OT1/lmtt/m/n on input line 34.
LaTeX Font Info:    Overwriting math alphabet `\mathbf' in version `bold'
(Font)                  OT1/cmr/bx/n --> OT1/lmr/bx/n on input line 35.
LaTeX Font Info:    Overwriting math alphabet `\mathsf' in version `bold'
(Font)                  OT1/cmss/bx/n --> OT1/lmss/bx/n on input line 36.
LaTeX Font Info:    Overwriting math alphabet `\mathit' in version `bold'
(Font)                  OT1/cmr/bx/it --> OT1/lmr/bx/it on input line 37.
LaTeX Font Info:    Overwriting math alphabet `\mathtt' in version `bold'
(Font)                  OT1/cmtt/m/n --> OT1/lmtt/m/n on input line 38.
)
(/usr/share/texlive/texmf-dist/tex/latex/lastpage/lastpage.sty
Package: lastpage 2021/09/03 v1.2n Refers to last page's name (HMM; JPG)
)
(/usr/share/texlive/texmf-dist/tex/latex/tools/indentfirst.sty
Package: indentfirst 1995/11/23 v1.03 Indent first paragraph (DPC)
)
(/usr/share/texlive/texmf-dist/tex/latex/graphics/graphicx.sty
Package: graphicx 2021/09/16 v1.2d Enhanced LaTeX Graphics (DPC,SPQR)

(/usr/share/texlive/texmf-dist/tex/latex/graphics/graphics.sty
Package: graphics 2021/03/04 v1.4d Standard LaTeX Graphics (DPC,SPQR)

(/usr/share/texlive/texmf-dist/tex/latex/graphics/trig.sty
Package: trig 2021/08/11 v1.11 sin cos tan (DPC)
)
(/usr/share/texlive/texmf-dist/tex/latex/graphics-cfg/graphics.cfg
File: graphics.cfg 2016/06/04 v1.11 sample graphics configuration
)
Package graphics Info: Driver file: pdftex.def on input line 107.
)
\Gin@req@height=\dimen191
\Gin@req@width=\dimen192
)
(/usr/share/texlive/texmf-dist/tex/latex/float/float.sty
Package: float 2001/11/08 v1.3d Float enhancements (AL)
\c@float@type=\count339
\float@exts=\toks28
\float@box=\box56
\@float@everytoks=\toks29
\@floatcapt=\box57
)
(/usr/share/texlive/texmf-dist/tex/latex/pgf/frontendlayer/tikz.sty
(/usr/share/texlive/texmf-dist/tex/latex/pgf/basiclayer/pgf.sty
(/usr/share/texlive/texmf-dist/tex/latex/pgf/utilities/pgfrcs.sty
(/usr/share/texlive/texmf-dist/tex/generic/pgf/utilities/pgfutil-common.tex
\pgfutil@everybye=\toks30
\pgfutil@tempdima=\dimen193
\pgfutil@tempdimb=\dimen194

(/usr/share/texlive/texmf-dist/tex/generic/pgf/utilities/pgfutil-common-lists.t
ex)) (/usr/share/texlive/texmf-dist/tex/generic/pgf/utilities/pgfutil-latex.def
\pgfutil@abb=\box58
) (/usr/share/texlive/texmf-dist/tex/generic/pgf/utilities/pgfrcs.code.tex
(/usr/share/texlive/texmf-dist/tex/generic/pgf/pgf.revision.tex)
Package: pgfrcs 2021/05/15 v3.1.9a (3.1.9a)
))
Package: pgf 2021/05/15 v3.1.9a (3.1.9a)

(/usr/share/texlive/texmf-dist/tex/latex/pgf/basiclayer/pgfcore.sty
(/usr/share/texlive/texmf-dist/tex/latex/pgf/systemlayer/pgfsys.sty
(/usr/share/texlive/texmf-dist/tex/generic/pgf/systemlayer/pgfsys.code.tex
Package: pgfsys 2021/05/15 v3.1.9a (3.1.9a)

(/usr/share/texlive/texmf-dist/tex/generic/pgf/utilities/pgfkeys.code.tex
\pgfkeys@pathtoks=\toks31
\pgfkeys@temptoks=\toks32

(/usr/share/texlive/texmf-dist/tex/generic/pgf/utilities/pgfkeysfiltered.code.t
ex
\pgfkeys@tmptoks=\toks33
))
\pgf@x=\dimen195
\pgf@y=\dimen196
\pgf@xa=\dimen197
\pgf@ya=\dimen198
\pgf@xb=\dimen199
\pgf@yb=\dimen256
\pgf@xc=\dimen257
\pgf@yc=\dimen258
\pgf@xd=\dimen259
\pgf@yd=\dimen260
\w@pgf@writea=\write4
\r@pgf@reada=\read4
\c@pgf@counta=\count340
\c@pgf@countb=\count341
\c@pgf@countc=\count342
\c@pgf@countd=\count343
\t@pgf@toka=\toks34
\t@pgf@tokb=\toks35
\t@pgf@tokc=\toks36
\pgf@sys@id@count=\count344
 (/usr/share/texlive/texmf-dist/tex/generic/pgf/systemlayer/pgf.cfg
File: pgf.cfg 2021/05/15 v3.1.9a (3.1.9a)
)
Driver file for pgf: pgfsys-pdftex.def

(/usr/share/texlive/texmf-dist/tex/generic/pgf/systemlayer/pgfsys-pdftex.def
File: pgfsys-pdftex.def 2021/05/15 v3.1.9a (3.1.9a)

(/usr/share/texlive/texmf-dist/tex/generic/pgf/systemlayer/pgfsys-common-pdf.de
f
File: pgfsys-common-pdf.def 2021/05/15 v3.1.9a (3.1.9a)
)))
(/usr/share/texlive/texmf-dist/tex/generic/pgf/systemlayer/pgfsyssoftpath.code.
tex
File: pgfsyssoftpath.code.tex 2021/05/15 v3.1.9a (3.1.9a)
\pgfsyssoftpath@smallbuffer@items=\count345
\pgfsyssoftpath@bigbuffer@items=\count346
)
(/usr/share/texlive/texmf-dist/tex/generic/pgf/systemlayer/pgfsysprotocol.code.
tex
File: pgfsysprotocol.code.tex 2021/05/15 v3.1.9a (3.1.9a)
))
(/usr/share/texlive/texmf-dist/tex/generic/pgf/basiclayer/pgfcore.code.tex
Package: pgfcore 2021/05/15 v3.1.9a (3.1.9a)

(/usr/share/texlive/texmf-dist/tex/generic/pgf/math/pgfmath.code.tex
(/usr/share/texlive/texmf-dist/tex/generic/pgf/math/pgfmathcalc.code.tex
(/usr/share/texlive/texmf-dist/tex/generic/pgf/math/pgfmathutil.code.tex)
(/usr/share/texlive/texmf-dist/tex/generic/pgf/math/pgfmathparser.code.tex
\pgfmath@dimen=\dimen261
\pgfmath@count=\count347
\pgfmath@box=\box59
\pgfmath@toks=\toks37
\pgfmath@stack@operand=\toks38
\pgfmath@stack@operation=\toks39
)
(/usr/share/texlive/texmf-dist/tex/generic/pgf/math/pgfmathfunctions.code.tex
(/usr/share/texlive/texmf-dist/tex/generic/pgf/math/pgfmathfunctions.basic.code
.tex)
(/usr/share/texlive/texmf-dist/tex/generic/pgf/math/pgfmathfunctions.trigonomet
ric.code.tex)
(/usr/share/texlive/texmf-dist/tex/generic/pgf/math/pgfmathfunctions.random.cod
e.tex)
(/usr/share/texlive/texmf-dist/tex/generic/pgf/math/pgfmathfunctions.comparison
.code.tex)
(/usr/share/texlive/texmf-dist/tex/generic/pgf/math/pgfmathfunctions.base.code.
tex)
(/usr/share/texlive/texmf-dist/tex/generic/pgf/math/pgfmathfunctions.round.code
.tex)
(/usr/share/texlive/texmf-dist/tex/generic/pgf/math/pgfmathfunctions.misc.code.
tex)
(/usr/share/texlive/texmf-dist/tex/generic/pgf/math/pgfmathfunctions.integerari
thmetics.code.tex)))
(/usr/share/texlive/texmf-dist/tex/generic/pgf/math/pgfmathfloat.code.tex
\c@pgfmathroundto@lastzeros=\count348
))
(/usr/share/texlive/texmf-dist/tex/generic/pgf/math/pgfint.code.tex)
(/usr/share/texlive/texmf-dist/tex/generic/pgf/basiclayer/pgfcorepoints.code.te
x
File: pgfcorepoints.code.tex 2021/05/15 v3.1.9a (3.1.9a)
\pgf@picminx=\dimen262
\pgf@picmaxx=\dimen263
\pgf@picminy=\dimen264
\pgf@picmaxy=\dimen265
\pgf@pathminx=\dimen266
\pgf@pathmaxx=\dimen267
\pgf@pathminy=\dimen268
\pgf@pathmaxy=\dimen269
\pgf@xx=\dimen270
\pgf@xy=\dimen271
\pgf@yx=\dimen272
\pgf@yy=\dimen273
\pgf@zx=\dimen274
\pgf@zy=\dimen275
)
(/usr/share/texlive/texmf-dist/tex/generic/pgf/basiclayer/pgfcorepathconstruct.
code.tex
File: pgfcorepathconstruct.code.tex 2021/05/15 v3.1.9a (3.1.9a)
\pgf@path@lastx=\dimen276
\pgf@path@lasty=\dimen277
)
(/usr/share/texlive/texmf-dist/tex/generic/pgf/basiclayer/pgfcorepathusage.code
.tex
File: pgfcorepathusage.code.tex 2021/05/15 v3.1.9a (3.1.9a)
\pgf@shorten@end@additional=\dimen278
\pgf@shorten@start@additional=\dimen279
)
(/usr/share/texlive/texmf-dist/tex/generic/pgf/basiclayer/pgfcorescopes.code.te
x
File: pgfcorescopes.code.tex 2021/05/15 v3.1.9a (3.1.9a)
\pgfpic=\box60
\pgf@hbox=\box61
\pgf@layerbox@main=\box62
\pgf@picture@serial@count=\count349
)
(/usr/share/texlive/texmf-dist/tex/generic/pgf/basiclayer/pgfcoregraphicstate.c
ode.tex
File: pgfcoregraphicstate.code.tex 2021/05/15 v3.1.9a (3.1.9a)
\pgflinewidth=\dimen280
)
(/usr/share/texlive/texmf-dist/tex/generic/pgf/basiclayer/pgfcoretransformation
s.code.tex
File: pgfcoretransformations.code.tex 2021/05/15 v3.1.9a (3.1.9a)
\pgf@pt@x=\dimen281
\pgf@pt@y=\dimen282
\pgf@pt@temp=\dimen283
)
(/usr/share/texlive/texmf-dist/tex/generic/pgf/basiclayer/pgfcorequick.code.tex
File: pgfcorequick.code.tex 2021/05/15 v3.1.9a (3.1.9a)
)
(/usr/share/texlive/texmf-dist/tex/generic/pgf/basiclayer/pgfcoreobjects.code.t
ex
File: pgfcoreobjects.code.tex 2021/05/15 v3.1.9a (3.1.9a)
)
(/usr/share/texlive/texmf-dist/tex/generic/pgf/basiclayer/pgfcorepathprocessing
.code.tex
File: pgfcorepathprocessing.code.tex 2021/05/15 v3.1.9a (3.1.9a)
)
(/usr/share/texlive/texmf-dist/tex/generic/pgf/basiclayer/pgfcorearrows.code.te
x
File: pgfcorearrows.code.tex 2021/05/15 v3.1.9a (3.1.9a)
\pgfarrowsep=\dimen284
)
(/usr/share/texlive/texmf-dist/tex/generic/pgf/basiclayer/pgfcoreshade.code.tex
File: pgfcoreshade.code.tex 2021/05/15 v3.1.9a (3.1.9a)
\pgf@max=\dimen285
\pgf@sys@shading@range@num=\count350
\pgf@shadingcount=\count351
)
(/usr/share/texlive/texmf-dist/tex/generic/pgf/basiclayer/pgfcoreimage.code.tex
File: pgfcoreimage.code.tex 2021/05/15 v3.1.9a (3.1.9a)

(/usr/share/texlive/texmf-dist/tex/generic/pgf/basiclayer/pgfcoreexternal.code.
tex
File: pgfcoreexternal.code.tex 2021/05/15 v3.1.9a (3.1.9a)
\pgfexternal@startupbox=\box63
))
(/usr/share/texlive/texmf-dist/tex/generic/pgf/basiclayer/pgfcorelayers.code.te
x
File: pgfcorelayers.code.tex 2021/05/15 v3.1.9a (3.1.9a)
)
(/usr/share/texlive/texmf-dist/tex/generic/pgf/basiclayer/pgfcoretransparency.c
ode.tex
File: pgfcoretransparency.code.tex 2021/05/15 v3.1.9a (3.1.9a)
)
(/usr/share/texlive/texmf-dist/tex/generic/pgf/basiclayer/pgfcorepatterns.code.
tex
File: pgfcorepatterns.code.tex 2021/05/15 v3.1.9a (3.1.9a)
)
(/usr/share/texlive/texmf-dist/tex/generic/pgf/basiclayer/pgfcorerdf.code.tex
File: pgfcorerdf.code.tex 2021/05/15 v3.1.9a (3.1.9a)
)))
(/usr/share/texlive/texmf-dist/tex/generic/pgf/modules/pgfmoduleshapes.code.tex
File: pgfmoduleshapes.code.tex 2021/05/15 v3.1.9a (3.1.9a)
\pgfnodeparttextbox=\box64
) (/usr/share/texlive/texmf-dist/tex/generic/pgf/modules/pgfmoduleplot.code.tex
File: pgfmoduleplot.code.tex 2021/05/15 v3.1.9a (3.1.9a)
)
(/usr/share/texlive/texmf-dist/tex/latex/pgf/compatibility/pgfcomp-version-0-65
.sty
Package: pgfcomp-version-0-65 2021/05/15 v3.1.9a (3.1.9a)
\pgf@nodesepstart=\dimen286
\pgf@nodesepend=\dimen287
)
(/usr/share/texlive/texmf-dist/tex/latex/pgf/compatibility/pgfcomp-version-1-18
.sty
Package: pgfcomp-version-1-18 2021/05/15 v3.1.9a (3.1.9a)
)) (/usr/share/texlive/texmf-dist/tex/latex/pgf/utilities/pgffor.sty
(/usr/share/texlive/texmf-dist/tex/latex/pgf/utilities/pgfkeys.sty
(/usr/share/texlive/texmf-dist/tex/generic/pgf/utilities/pgfkeys.code.tex))
(/usr/share/texlive/texmf-dist/tex/latex/pgf/math/pgfmath.sty
(/usr/share/texlive/texmf-dist/tex/generic/pgf/math/pgfmath.code.tex))
(/usr/share/texlive/texmf-dist/tex/generic/pgf/utilities/pgffor.code.tex
Package: pgffor 2021/05/15 v3.1.9a (3.1.9a)

(/usr/share/texlive/texmf-dist/tex/generic/pgf/math/pgfmath.code.tex)
\pgffor@iter=\dimen288
\pgffor@skip=\dimen289
\pgffor@stack=\toks40
\pgffor@toks=\toks41
))
(/usr/share/texlive/texmf-dist/tex/generic/pgf/frontendlayer/tikz/tikz.code.tex
Package: tikz 2021/05/15 v3.1.9a (3.1.9a)

(/usr/share/texlive/texmf-dist/tex/generic/pgf/libraries/pgflibraryplothandlers
.code.tex
File: pgflibraryplothandlers.code.tex 2021/05/15 v3.1.9a (3.1.9a)
\pgf@plot@mark@count=\count352
\pgfplotmarksize=\dimen290
)
\tikz@lastx=\dimen291
\tikz@lasty=\dimen292
\tikz@lastxsaved=\dimen293
\tikz@lastysaved=\dimen294
\tikz@lastmovetox=\dimen295
\tikz@lastmovetoy=\dimen296
\tikzleveldistance=\dimen297
\tikzsiblingdistance=\dimen298
\tikz@figbox=\box65
\tikz@figbox@bg=\box66
\tikz@tempbox=\box67
\tikz@tempbox@bg=\box68
\tikztreelevel=\count353
\tikznumberofchildren=\count354
\tikznumberofcurrentchild=\count355
\tikz@fig@count=\count356

(/usr/share/texlive/texmf-dist/tex/generic/pgf/modules/pgfmodulematrix.code.tex
File: pgfmodulematrix.code.tex 2021/05/15 v3.1.9a (3.1.9a)
\pgfmatrixcurrentrow=\count357
\pgfmatrixcurrentcolumn=\count358
\pgf@matrix@numberofcolumns=\count359
)
\tikz@expandcount=\count360

(/usr/share/texlive/texmf-dist/tex/generic/pgf/frontendlayer/tikz/libraries/tik
zlibrarytopaths.code.tex
File: tikzlibrarytopaths.code.tex 2021/05/15 v3.1.9a (3.1.9a)
)))
(/usr/share/texlive/texmf-dist/tex/generic/pgf/frontendlayer/tikz/libraries/tik
zlibrarypositioning.code.tex
File: tikzlibrarypositioning.code.tex 2021/05/15 v3.1.9a (3.1.9a)
)
(/usr/share/texlive/texmf-dist/tex/latex/pdfpages/pdfpages.sty
Package: pdfpages 2022/01/29 v0.5u Insert pages of external PDF documents (AM)

(/usr/share/texlive/texmf-dist/tex/latex/eso-pic/eso-pic.sty
Package: eso-pic 2020/10/14 v3.0a eso-pic (RN)
\ESO@tempdima=\dimen299
\ESO@tempdimb=\dimen300
)
\AM@pagewidth=\dimen301
\AM@pageheight=\dimen302
\AM@fboxrule=\dimen303

(/usr/share/texlive/texmf-dist/tex/latex/pdfpages/pppdftex.def
File: pppdftex.def 2022/01/29 v0.5u Pdfpages driver for pdfTeX (AM)
)
\pdfpages@includegraphics@status=\count361
\AM@pagebox=\box69
\AM@global@opts=\toks42
\AM@pagecnt=\count362
\AM@toc@title=\toks43
\c@AM@survey=\count363
\AM@templatesizebox=\box70
)
(/usr/share/texlive/texmf-dist/tex/latex/hyphenat/hyphenat.sty
Package: hyphenat 2009/09/02 v2.3c hyphenation utilities
\langwohyphens=\language11
LaTeX Info: Redefining \_ on input line 43.
)
(/usr/share/texlive/texmf-dist/tex/latex/textpos/textpos.sty
Package: textpos 2020/09/26 v1.10

Package: textpos 2020/09/26 1.10, absolute positioning of text on the page
Package textpos Info: choosing support for LaTeX3 on input line 61.
\TP@textbox=\box71
\TP@holdbox=\box72
\TPHorizModule=\dimen304
\TPVertModule=\dimen305
\TP@margin=\dimen306
\TP@absmargin=\dimen307
Grid set 16 x 16 = 37.34424pt x 52.81541pt
\TPboxrulesize=\dimen308
\TP@ox=\dimen309
\TP@oy=\dimen310
\TP@tbargs=\toks44
TextBlockOrigin set to 0pt x 0pt
) (/usr/share/texlive/texmf-dist/tex/latex/makebox/makebox.sty
Package: makebox 2004/07/31 v0.1 extend makebox command
)
(/usr/share/texlive/texmf-dist/tex/latex/amsmath/amsmath.sty
Package: amsmath 2021/10/15 v2.17l AMS math features
\@mathmargin=\skip261

For additional information on amsmath, use the `?' option.
(/usr/share/texlive/texmf-dist/tex/latex/amsmath/amstext.sty
Package: amstext 2021/08/26 v2.01 AMS text

(/usr/share/texlive/texmf-dist/tex/latex/amsmath/amsgen.sty
File: amsgen.sty 1999/11/30 v2.0 generic functions
\@emptytoks=\toks45
\ex@=\dimen311
))
(/usr/share/texlive/texmf-dist/tex/latex/amsmath/amsbsy.sty
Package: amsbsy 1999/11/29 v1.2d Bold Symbols
\pmbraise@=\dimen312
)
(/usr/share/texlive/texmf-dist/tex/latex/amsmath/amsopn.sty
Package: amsopn 2021/08/26 v2.02 operator names
)
\inf@bad=\count364
LaTeX Info: Redefining \frac on input line 234.
\uproot@=\count365
\leftroot@=\count366
LaTeX Info: Redefining \overline on input line 399.
\classnum@=\count367
\DOTSCASE@=\count368
LaTeX Info: Redefining \ldots on input line 496.
LaTeX Info: Redefining \dots on input line 499.
LaTeX Info: Redefining \cdots on input line 620.
\Mathstrutbox@=\box73
\strutbox@=\box74
\big@size=\dimen313
LaTeX Font Info:    Redeclaring font encoding OML on input line 743.
LaTeX Font Info:    Redeclaring font encoding OMS on input line 744.
\macc@depth=\count369
\c@MaxMatrixCols=\count370
\dotsspace@=\muskip17
\c@parentequation=\count371
\dspbrk@lvl=\count372
\tag@help=\toks46
\row@=\count373
\column@=\count374
\maxfields@=\count375
\andhelp@=\toks47
\eqnshift@=\dimen314
\alignsep@=\dimen315
\tagshift@=\dimen316
\tagwidth@=\dimen317
\totwidth@=\dimen318
\lineht@=\dimen319
\@envbody=\toks48
\multlinegap=\skip262
\multlinetaggap=\skip263
\mathdisplay@stack=\toks49
LaTeX Info: Redefining \[ on input line 2938.
LaTeX Info: Redefining \] on input line 2939.
)
(/usr/share/texlive/texmf-dist/tex/latex/wrapfig/wrapfig.sty
\wrapoverhang=\dimen320
\WF@size=\dimen321
\c@WF@wrappedlines=\count376
\WF@box=\box75
\WF@everypar=\toks50
Package: wrapfig 2003/01/31  v 3.6
)
(/usr/share/texlive/texmf-dist/tex/latex/caption/caption.sty
Package: caption 2020/10/26 v3.5g Customizing captions (AR)

(/usr/share/texlive/texmf-dist/tex/latex/caption/caption3.sty
Package: caption3 2020/10/21 v2.2e caption3 kernel (AR)
\captionmargin=\dimen322
\captionmargin@=\dimen323
\captionwidth=\dimen324
\caption@tempdima=\dimen325
\caption@indent=\dimen326
\caption@parindent=\dimen327
\caption@hangindent=\dimen328
Package caption Info: memoir document class detected.

(/usr/share/texlive/texmf-dist/tex/latex/caption/caption-memoir.sto
File: caption-memoir.sto 2020/10/10 v2.1 Adaption of the caption package to the
 memoir document class (AR)
))
\c@caption@flags=\count377
\c@continuedfloat=\count378
Package caption Info: changepage package is loaded.
\caption@adjustwidth@hsize=\dimen329
\caption@adjustwidth@linewidth=\dimen330
Package caption Info: float package is loaded.
Package caption Info: hyperref package is loaded.
Package caption Info: wrapfig package is loaded.
)
(/usr/share/texlive/texmf-dist/tex/latex/caption/subcaption.sty
Package: subcaption 2020/10/07 v1.3j Sub-captions (AR)
\c@subfigure=\count379
\c@subtable=\count380
)
(/usr/share/texlive/texmf-dist/tex/latex/physics/physics.sty
Package: physics 

(/usr/share/texlive/texmf-dist/tex/latex/l3packages/xparse/xparse.sty
(/usr/share/texlive/texmf-dist/tex/latex/l3kernel/expl3.sty
Package: expl3 2022-01-21 L3 programming layer (loader) 

(/usr/share/texlive/texmf-dist/tex/latex/l3backend/l3backend-pdftex.def
File: l3backend-pdftex.def 2022-01-12 L3 backend support: PDF output (pdfTeX)
\l__color_backend_stack_int=\count381
\l__pdf_internal_box=\box76
))
Package: xparse 2022-01-12 L3 Experimental document command parser
))
(/usr/share/texlive/texmf-dist/tex/latex/braket/braket.sty)
(/usr/share/texlive/texmf-dist/tex/latex/amsfonts/amssymb.sty
Package: amssymb 2013/01/14 v3.01 AMS font symbols

(/usr/share/texlive/texmf-dist/tex/latex/amsfonts/amsfonts.sty
Package: amsfonts 2013/01/14 v3.01 Basic AMSFonts support
\symAMSa=\mathgroup4
\symAMSb=\mathgroup5
LaTeX Font Info:    Redeclaring math symbol \hbar on input line 98.
LaTeX Font Info:    Overwriting math alphabet `\mathfrak' in version `bold'
(Font)                  U/euf/m/n --> U/euf/b/n on input line 106.
))
(/usr/share/texlive/texmf-dist/tex/latex/cite/cite.sty
LaTeX Info: Redefining \cite on input line 302.
LaTeX Info: Redefining \nocite on input line 332.
Package: cite 2015/02/27  v 5.5
)
(/usr/share/texlive/texmf-dist/tex/latex/abntex2/abntex2cite.sty
Package: abntex2cite 2018/11/24 v-1.9.7 abnTeX2

(/usr/share/texlive/texmf-dist/tex/latex/abntex2/abntex2abrev.sty)
\minimumbiblabelwidth=\skip264
\ABCIauxlen=\skip265
\c@ABCIaux=\count382
\c@ABCImax=\count383

(/usr/share/texlive/texmf-dist/tex/generic/iftex/ifpdf.sty
Package: ifpdf 2019/10/25 v3.4 ifpdf legacy package. Use iftex instead.
)
(/usr/share/texlive/texmf-dist/tex/generic/iftex/ifxetex.sty
Package: ifxetex 2019/10/25 v0.7 ifxetex legacy package. Use iftex instead.
)
(/usr/share/texlive/texmf-dist/tex/latex/relsize/relsize.sty
Package: relsize 2013/03/29 ver 4.1
)
\biblabelsep=\skip266
LaTeX Info: Redefining \newblock on input line 591.
LaTeX Info: Redefining \cite on input line 862.
LaTeX Info: Redefining \citeonline on input line 866.
\ABCItoken=\toks51
)
(/usr/share/texlive/texmf-dist/tex/latex/tools/multicol.sty
Package: multicol 2021/10/28 v1.9b multicolumn formatting (FMi)
\c@tracingmulticols=\count384
\mult@box=\box77
\multicol@leftmargin=\dimen331
\c@unbalance=\count385
\c@collectmore=\count386
\doublecol@number=\count387
\multicoltolerance=\count388
\multicolpretolerance=\count389
\full@width=\dimen332
\page@free=\dimen333
\premulticols=\dimen334
\postmulticols=\dimen335
\multicolsep=\skip267
\multicolbaselineskip=\skip268
\partial@page=\box78
\last@line=\box79
\maxbalancingoverflow=\dimen336
\mult@rightbox=\box80
\mult@grightbox=\box81
\mult@firstbox=\box82
\mult@gfirstbox=\box83
\@tempa=\box84
\@tempa=\box85
\@tempa=\box86
\@tempa=\box87
\@tempa=\box88
\@tempa=\box89
\@tempa=\box90
\@tempa=\box91
\@tempa=\box92
\@tempa=\box93
\@tempa=\box94
\@tempa=\box95
\@tempa=\box96
\@tempa=\box97
\@tempa=\box98
\@tempa=\box99
\@tempa=\box100
\@tempa=\box101
\@tempa=\box102
\@tempa=\box103
\@tempa=\box104
\@tempa=\box105
\@tempa=\box106
\@tempa=\box107
\@tempa=\box108
\@tempa=\box109
\@tempa=\box110
\@tempa=\box111
\@tempa=\box112
\@tempa=\box113
\@tempa=\box114
\@tempa=\box115
\@tempa=\box116
\@tempa=\box117
\@tempa=\box118
\@tempa=\box119
\c@minrows=\count390
\c@columnbadness=\count391
\c@finalcolumnbadness=\count392
\last@try=\dimen337
\multicolovershoot=\dimen338
\multicolundershoot=\dimen339
\mult@nat@firstbox=\box120
\colbreak@box=\box121
\mc@col@check@num=\count393
)
(/usr/share/texlive/texmf-dist/tex/latex/multirow/multirow.sty
Package: multirow 2021/03/15 v2.8 Span multiple rows of a table
\multirow@colwidth=\skip269
\multirow@cntb=\count394
\multirow@dima=\skip270
\bigstrutjot=\dimen340
)
(/usr/share/texlive/texmf-dist/tex/latex/tools/longtable.sty
Package: longtable 2021-09-01 v4.17 Multi-page Table package (DPC)
\LTleft=\skip271
\LTright=\skip272
\LTpre=\skip273
\LTpost=\skip274
\LTchunksize=\count395
\LTcapwidth=\dimen341
\LT@head=\box122
\LT@firsthead=\box123
\LT@foot=\box124
\LT@lastfoot=\box125
\LT@gbox=\box126
\LT@cols=\count396
\LT@rows=\count397
\c@LT@tables=\count398
\c@LT@chunks=\count399
\LT@p@ftn=\toks52
)
(/usr/share/texlive/texmf-dist/tex/latex/threeparttablex/threeparttablex.sty
Package: threeparttablex 2013/07/23 v0.3 by daleif

(/usr/share/texlive/texmf-dist/tex/latex/threeparttable/threeparttable.sty
Package: threeparttable 2003/06/13  v 3.0
\@tempboxb=\box127
)
(/usr/share/texlive/texmf-dist/tex/latex/environ/environ.sty
Package: environ 2014/05/04 v0.3 A new way to define environments

(/usr/share/texlive/texmf-dist/tex/latex/trimspaces/trimspaces.sty
Package: trimspaces 2009/09/17 v1.1 Trim spaces around a token list
))
\TPTL@width=\skip275
)
(./USPSC-classe/ABNT6023-2018.sty
Package: USPSC-classe/ABNT6023-2018 
)

LaTeX Warning: \include should only be used after \begin{document} on input lin
e 61.

(./USPSC-pre-textual-IFSC.tex)
Package hyperref Info: Option `colorlinks' set `true' on input line 88.
)
\"Master's degree thesis"@idxfile=\write5
\openout5 = `"Master's degree thesis.idx"'.


Writing index file "Master's degree thesis".idx 
LaTeX Font Info:    Trying to load font information for T1+lmr on input line 13
.
(/usr/share/texmf/tex/latex/lm/t1lmr.fd
File: t1lmr.fd 2009/10/30 v1.6 Font defs for Latin Modern
) (build/Master's degree thesis.aux
(build/USPSC-TA-PreTextual/USPSC-Agradecimentos.aux)
(build/USPSC-TA-PreTextual/USPSC-Abstract.aux)
(build/USPSC-TA-Textual/introduction.aux)
(build/USPSC-TA-Textual/Atom-Light-Interaction.aux)
(build/USPSC-TA-Textual/Magneto-Optical-Trap.aux)
(build/USPSC-TA-Textual/Monte-Carlo-Simulation.aux)
(build/USPSC-TA-Textual/Results.aux

LaTeX Warning: Label `sec:cloud-profile-dysprosium' multiply defined.


LaTeX Warning: Label `temperature' multiply defined.


LaTeX Warning: Label `fig:IFSC-temperature-detuning' multiply defined.


LaTeX Warning: Label `sub@fig:IFSC-temperature-detuning' multiply defined.

) (build/USPSC-TA-Textual/Conclusion.aux)
(build/USPSC-TA-PosTextual/Appendix.aux))
\openout1 = `"Master's degree thesis.aux"'.

LaTeX Font Info:    Checking defaults for OML/cmm/m/it on input line 13.
LaTeX Font Info:    ... okay on input line 13.
LaTeX Font Info:    Checking defaults for OMS/cmsy/m/n on input line 13.
LaTeX Font Info:    ... okay on input line 13.
LaTeX Font Info:    Checking defaults for OT1/cmr/m/n on input line 13.
LaTeX Font Info:    ... okay on input line 13.
LaTeX Font Info:    Checking defaults for T1/cmr/m/n on input line 13.
LaTeX Font Info:    ... okay on input line 13.
LaTeX Font Info:    Checking defaults for TS1/cmr/m/n on input line 13.
LaTeX Font Info:    ... okay on input line 13.
LaTeX Font Info:    Checking defaults for OMX/cmex/m/n on input line 13.
LaTeX Font Info:    ... okay on input line 13.
LaTeX Font Info:    Checking defaults for U/cmr/m/n on input line 13.
LaTeX Font Info:    ... okay on input line 13.
LaTeX Font Info:    Checking defaults for PD1/pdf/m/n on input line 13.
LaTeX Font Info:    ... okay on input line 13.
LaTeX Font Info:    Checking defaults for PU/pdf/m/n on input line 13.
LaTeX Font Info:    ... okay on input line 13.

(/usr/share/texlive/texmf-dist/tex/context/base/mkii/supp-pdf.mkii
[Loading MPS to PDF converter (version 2006.09.02).]
\scratchcounter=\count400
\scratchdimen=\dimen342
\scratchbox=\box128
\nofMPsegments=\count401
\nofMParguments=\count402
\everyMPshowfont=\toks53
\MPscratchCnt=\count403
\MPscratchDim=\dimen343
\MPnumerator=\count404
\makeMPintoPDFobject=\count405
\everyMPtoPDFconversion=\toks54
) (/usr/share/texlive/texmf-dist/tex/latex/epstopdf-pkg/epstopdf-base.sty
Package: epstopdf-base 2020-01-24 v2.11 Base part for package epstopdf
Package epstopdf-base Info: Redefining graphics rule for `.eps' on input line 4
85.

(/usr/share/texlive/texmf-dist/tex/latex/latexconfig/epstopdf-sys.cfg
File: epstopdf-sys.cfg 2010/07/13 v1.3 Configuration of (r)epstopdf for TeX Liv
e
))
Package hyperref Info: Link coloring ON on input line 13.

(/usr/share/texlive/texmf-dist/tex/latex/hyperref/nameref.sty
Package: nameref 2021-04-02 v2.47 Cross-referencing by name of section

(/usr/share/texlive/texmf-dist/tex/latex/refcount/refcount.sty
Package: refcount 2019/12/15 v3.6 Data extraction from label references (HO)
)
(/usr/share/texlive/texmf-dist/tex/generic/gettitlestring/gettitlestring.sty
Package: gettitlestring 2019/12/15 v1.6 Cleanup title references (HO)
)
\c@section@level=\count406
)
Redoing nameref's sectioning
Redoing nameref's label
LaTeX Info: Redefining \nameref on input line 13.
LaTeX Info: Redefining \ref on input line 13.
LaTeX Info: Redefining \pageref on input line 13.
LaTeX Info: Redefining \nameref on input line 13.
\myptabbox=\box129
\myptabboxwidth=\skip276
Package lastpage Info: Please have a look at the pageslts package at
(lastpage)             https://www.ctan.org/pkg/pageslts
(lastpage)             ! on input line 13.
(/usr/share/texlive/texmf-dist/tex/latex/pdflscape/pdflscape.sty
Package: pdflscape 2019/12/05 v0.12 Display of landscape pages in PDF (HO)

(/usr/share/texlive/texmf-dist/tex/latex/graphics/lscape.sty
Package: lscape 2020/05/28 v3.02 Landscape Pages (DPC)
)
Package pdflscape Info: Auto-detected driver: pdftex on input line 81.
)
Package caption Info: Begin \AtBeginDocument code.
Package caption Info: longtable package is loaded.

(/usr/share/texlive/texmf-dist/tex/latex/caption/ltcaption.sty
Package: ltcaption 2020/05/30 v1.4b longtable captions (AR)
)
Package caption Info: threeparttable package is loaded.
Package caption Info: End \AtBeginDocument code.
LaTeX Font Info:    Trying to load font information for T1+lmss on input line 3
6.

(/usr/share/texmf/tex/latex/lm/t1lmss.fd
File: t1lmss.fd 2009/10/30 v1.6 Font defs for Latin Modern
) [1

{/var/lib/texmf/fonts/map/pdftex/updmap/pdftex.map}] [2

]
Underfull \hbox (badness 3657) in paragraph at lines 38--38
[]\T1/lmr/m/n/12 Dissertation presented to the Graduate
 []

LaTeX Font Info:    Trying to load font information for OT1+lmr on input line 3
8.
(/usr/share/texmf/tex/latex/lm/ot1lmr.fd
File: ot1lmr.fd 2009/10/30 v1.6 Font defs for Latin Modern
)
LaTeX Font Info:    Trying to load font information for OML+lmm on input line 3
8.

(/usr/share/texmf/tex/latex/lm/omllmm.fd
File: omllmm.fd 2009/10/30 v1.6 Font defs for Latin Modern
)
LaTeX Font Info:    Trying to load font information for OMS+lmsy on input line 
38.

(/usr/share/texmf/tex/latex/lm/omslmsy.fd
File: omslmsy.fd 2009/10/30 v1.6 Font defs for Latin Modern
)
LaTeX Font Info:    Trying to load font information for OMX+lmex on input line 
38.

(/usr/share/texmf/tex/latex/lm/omxlmex.fd
File: omxlmex.fd 2009/10/30 v1.6 Font defs for Latin Modern
)
LaTeX Font Info:    External font `lmex10' loaded for size
(Font)              <12> on input line 38.
LaTeX Font Info:    External font `lmex10' loaded for size
(Font)              <8> on input line 38.
LaTeX Font Info:    External font `lmex10' loaded for size
(Font)              <6> on input line 38.
LaTeX Font Info:    Trying to load font information for U+msa on input line 38.


(/usr/share/texlive/texmf-dist/tex/latex/amsfonts/umsa.fd
File: umsa.fd 2013/01/14 v3.01 AMS symbols A
)
LaTeX Font Info:    Trying to load font information for U+msb on input line 38.


(/usr/share/texlive/texmf-dist/tex/latex/amsfonts/umsb.fd
File: umsb.fd 2013/01/14 v3.01 AMS symbols B
)pdfTeX warning (ext4): destination with the same identifier (name{page.1}) has
 been already used, duplicate ignored
<to be read again> 
                   \relax 
l.38 
      [1


]
\openout2 = `USPSC-TA-PreTextual/USPSC-Agradecimentos.aux'.

 (./USPSC-TA-PreTextual/USPSC-Agradecimentos.texpdfTeX warning (ext4): destinat
ion with the same identifier (name{page.2}) has been already used, duplicate ig
nored
<to be read again> 
                   \relax 
l.3 	I
       would like to acknowledge the support and patience of my advisor, Pro...
[2


] [3] [4

])
\openout2 = `USPSC-TA-PreTextual/USPSC-Abstract.aux'.

 (./USPSC-TA-PreTextual/USPSC-Abstract.tex [5



] [6

])
(build/Master's degree thesis.lof) [7


] [8

] (build/Master's degree thesis.lot)
[9] [10

] (build/Master's degree thesis.toc
Underfull \vbox (badness 1789) has occurred while \output is active []

 [11])
[12]
\openout2 = `USPSC-TA-Textual/introduction.aux'.

 (./USPSC-TA-Textual/introduction.tex
Underfull \vbox (badness 10000) has occurred while \output is active []

 [13



])
Overfull \hbox (4.74683pt too wide) in paragraph at lines 25--125
[]\T1/lmr/m/n/12 In Chap-ter [][]3[][], we in-tro-duce the the-ory of MOTs for 
elec-tronic tran-si-tions $[] [][]\OMS/lmsy/m/n/12 !
 []

[14]
\openout2 = `USPSC-TA-Textual/Atom-Light-Interaction.aux'.

 (./USPSC-TA-Textual/Atom-Light-Interaction.tex
(./USPSC-TA-Textual/Atom-Light-Interaction/Rate-Equations-Model.tex
<USPSC-img/stimulated_absorption.png, id=360, 241.90375pt x 174.6525pt>
File: USPSC-img/stimulated_absorption.png Graphic file (type png)
<use USPSC-img/stimulated_absorption.png>
Package pdftex.def Info: USPSC-img/stimulated_absorption.png  used on input lin
e 22.
(pdftex.def)             Requested size: 116.48311pt x 84.1014pt.
LaTeX Font Info:    External font `lmex10' loaded for size
(Font)              <10.95> on input line 24.
<USPSC-img/stimulated_emission.png, id=361, 244.915pt x 173.64874pt>
File: USPSC-img/stimulated_emission.png Graphic file (type png)
<use USPSC-img/stimulated_emission.png>
Package pdftex.def Info: USPSC-img/stimulated_emission.png  used on input line 
31.
(pdftex.def)             Requested size: 116.48311pt x 82.58734pt.
<USPSC-img/spontaneous_emission.png, id=362, 240.9pt x 176.66pt>
File: USPSC-img/spontaneous_emission.png Graphic file (type png)
<use USPSC-img/spontaneous_emission.png>
Package pdftex.def Info: USPSC-img/spontaneous_emission.png  used on input line
 40.
(pdftex.def)             Requested size: 116.48311pt x 85.4212pt.

Underfull \vbox (badness 7796) has occurred while \output is active []

 [15




]
[16 <./USPSC-img/stimulated_absorption.png> <./USPSC-img/stimulated_emission.pn
g> <./USPSC-img/spontaneous_emission.png>] [17]
<USPSC-img/sharp_line.png, id=424, 219.4599pt x 121.8954pt>
File: USPSC-img/sharp_line.png Graphic file (type png)
<use USPSC-img/sharp_line.png>
Package pdftex.def Info: USPSC-img/sharp_line.png  used on input line 154.
(pdftex.def)             Requested size: 163.7995pt x 90.9805pt.
<USPSC-img/broadened_line.png, id=426, 229.8186pt x 118.2819pt>
File: USPSC-img/broadened_line.png Graphic file (type png)
<use USPSC-img/broadened_line.png>
Package pdftex.def Info: USPSC-img/broadened_line.png  used on input line 164.
(pdftex.def)             Requested size: 163.7995pt x 84.30379pt.
 [18 <./USPSC-img/sharp_line.png> <./USPSC-img/broadened_line.png>]
<USPSC-img/cross_section_scheme.png, id=445, 438.63875pt x 336.25626pt>
File: USPSC-img/cross_section_scheme.png Graphic file (type png)
<use USPSC-img/cross_section_scheme.png>
Package pdftex.def Info: USPSC-img/cross_section_scheme.png  used on input line
 234.
(pdftex.def)             Requested size: 195.64667pt x 149.98502pt.
 [19] [20 <./USPSC-img/cross_section_scheme.png>])
(./USPSC-TA-Textual/Atom-Light-Interaction/two-level-atom-classical-field.tex
[21]
Underfull \vbox (badness 10000) has occurred while \output is active []

 [22]
<USPSC-img/Bloch_sphere.png, id=512, 1027.84pt x 1093.08376pt>
File: USPSC-img/Bloch_sphere.png Graphic file (type png)
<use USPSC-img/Bloch_sphere.png>
Package pdftex.def Info: USPSC-img/Bloch_sphere.png  used on input line 57.
(pdftex.def)             Requested size: 159.25278pt x 169.35951pt.

Underfull \vbox (badness 10000) has occurred while \output is active []

 [23]
[24 <./USPSC-img/Bloch_sphere.png>] [25] [26] [27] [28] [29]
<USPSC-img/Rabi_oscillations.png, id=656, 462.528pt x 346.896pt>
File: USPSC-img/Rabi_oscillations.png Graphic file (type png)
<use USPSC-img/Rabi_oscillations.png>
Package pdftex.def Info: USPSC-img/Rabi_oscillations.png  used on input line 30
5.
(pdftex.def)             Requested size: 227.5pt x 170.62628pt.
 [30 <./USPSC-img/Rabi_oscillations.png>] [31]
<USPSC-img/Damped_Rabi_oscillations.png, id=697, 462.528pt x 346.896pt>
File: USPSC-img/Damped_Rabi_oscillations.png Graphic file (type png)
<use USPSC-img/Damped_Rabi_oscillations.png>
Package pdftex.def Info: USPSC-img/Damped_Rabi_oscillations.png  used on input 
line 364.
(pdftex.def)             Requested size: 227.5pt x 170.62628pt.
<USPSC-img/damping_coefficient_a.png, id=701, 462.528pt x 346.896pt>
File: USPSC-img/damping_coefficient_a.png Graphic file (type png)
<use USPSC-img/damping_coefficient_a.png>
Package pdftex.def Info: USPSC-img/damping_coefficient_a.png  used on input lin
e 377.
(pdftex.def)             Requested size: 218.39806pt x 163.79807pt.
<USPSC-img/damping_coefficient_b.png, id=704, 462.528pt x 346.896pt>
File: USPSC-img/damping_coefficient_b.png Graphic file (type png)
<use USPSC-img/damping_coefficient_b.png>
Package pdftex.def Info: USPSC-img/damping_coefficient_b.png  used on input lin
e 386.
(pdftex.def)             Requested size: 218.39806pt x 163.79807pt.

Underfull \vbox (badness 10000) has occurred while \output is active []

 [32 <./USPSC-img/Damped_Rabi_oscillations.png>]
<USPSC-img/oscillation_frequency_c.png, id=721, 462.528pt x 346.896pt>
File: USPSC-img/oscillation_frequency_c.png Graphic file (type png)
<use USPSC-img/oscillation_frequency_c.png>
Package pdftex.def Info: USPSC-img/oscillation_frequency_c.png  used on input l
ine 402.
(pdftex.def)             Requested size: 227.5pt x 170.62628pt.
 [33 <./USPSC-img/damping_coefficient_a.png> <./USPSC-img/damping_coefficient_b
.png> <./USPSC-img/oscillation_frequency_c.png>] [34]
LaTeX Font Info:    Trying to load font information for TS1+lmr on input line 4
65.
 (/usr/share/texmf/tex/latex/lm/ts1lmr.fd
File: ts1lmr.fd 2009/10/30 v1.6 Font defs for Latin Modern
)
<USPSC-img/natural_broadening.png, id=768, 314.17375pt x 212.795pt>
File: USPSC-img/natural_broadening.png Graphic file (type png)
<use USPSC-img/natural_broadening.png>
Package pdftex.def Info: USPSC-img/natural_broadening.png  used on input line 4
78.
(pdftex.def)             Requested size: 181.99722pt x 123.26857pt.
 [35]
<USPSC-img/net_absorption_cross_section.png, id=791, 462.528pt x 346.896pt>
File: USPSC-img/net_absorption_cross_section.png Graphic file (type png)
<use USPSC-img/net_absorption_cross_section.png>
Package pdftex.def Info: USPSC-img/net_absorption_cross_section.png  used on in
put line 504.
(pdftex.def)             Requested size: 227.5pt x 170.62628pt.
 [36 <./USPSC-img/natural_broadening.png>] [37 <./USPSC-img/net_absorption_cros
s_section.png>]
[38]
<USPSC-img/radiation_pressure_force.png, id=843, 781.92125pt x 206.7725pt>
File: USPSC-img/radiation_pressure_force.png Graphic file (type png)
<use USPSC-img/radiation_pressure_force.png>
Package pdftex.def Info: USPSC-img/radiation_pressure_force.png  used on input 
line 587.
(pdftex.def)             Requested size: 364.00139pt x 96.25864pt.
 [39 <./USPSC-img/radiation_pressure_force.png>]
<USPSC-img/gradient_dipole_potential.png, id=855, 462.528pt x 346.896pt>
File: USPSC-img/gradient_dipole_potential.png Graphic file (type png)
<use USPSC-img/gradient_dipole_potential.png>
Package pdftex.def Info: USPSC-img/gradient_dipole_potential.png  used on input
 line 601.
(pdftex.def)             Requested size: 227.5pt x 170.62628pt.
)) [40 <./USPSC-img/gradient_dipole_potential.png>]
\openout2 = `USPSC-TA-Textual/Magneto-Optical-Trap.aux'.

 (./USPSC-TA-Textual/Magneto-Optical-Trap.tex
(./USPSC-TA-Textual/Magneto-Optical-Trap/One-dimensional-model.tex
<USPSC-img/1D-MOT.png, id=868, 828.09375pt x 192.72pt>
File: USPSC-img/1D-MOT.png Graphic file (type png)
<use USPSC-img/1D-MOT.png>
Package pdftex.def Info: USPSC-img/1D-MOT.png  used on input line 13.
(pdftex.def)             Requested size: 318.49861pt x 74.12537pt.
 [41




 <./USPSC-img/1D-MOT.png>]
<USPSC-img/1D-MOT-Zeeman-splitting.png, id=882, 938.50626pt x 391.4625pt>
File: USPSC-img/1D-MOT-Zeeman-splitting.png Graphic file (type png)
<use USPSC-img/1D-MOT-Zeeman-splitting.png>
Package pdftex.def Info: USPSC-img/1D-MOT-Zeeman-splitting.png  used on input l
ine 30.
(pdftex.def)             Requested size: 318.49861pt x 132.8446pt.
 [42 <./USPSC-img/1D-MOT-Zeeman-splitting.png>]
<USPSC-img/1D-MOT-detunings.png, id=900, 842.14626pt x 528.97626pt>
File: USPSC-img/1D-MOT-detunings.png Graphic file (type png)
<use USPSC-img/1D-MOT-detunings.png>
Package pdftex.def Info: USPSC-img/1D-MOT-detunings.png  used on input line 55.

(pdftex.def)             Requested size: 250.25139pt x 157.18472pt.
 [43 <./USPSC-img/1D-MOT-detunings.png>]
<USPSC-img/Independent-two-level-system.png, id=911, 927.465pt x 469.755pt>
File: USPSC-img/Independent-two-level-system.png Graphic file (type png)
<use USPSC-img/Independent-two-level-system.png>
Package pdftex.def Info: USPSC-img/Independent-two-level-system.png  used on in
put line 81.
(pdftex.def)             Requested size: 273.00278pt x 138.27547pt.
 [44 <./USPSC-img/Independent-two-level-system.png>]
<USPSC-img/MOT_force.png, id=923, 461.8053pt x 346.1733pt>
File: USPSC-img/MOT_force.png Graphic file (type png)
<use USPSC-img/MOT_force.png>
Package pdftex.def Info: USPSC-img/MOT_force.png  used on input line 100.
(pdftex.def)             Requested size: 227.5pt x 170.53493pt.
)
(./USPSC-TA-Textual/Magneto-Optical-Trap/Three-dimensional-case.tex
<USPSC-img/standard-3D-MOT-arrangement.png, id=927, 170.7981pt x 205.4877pt>
File: USPSC-img/standard-3D-MOT-arrangement.png Graphic file (type png)
<use USPSC-img/standard-3D-MOT-arrangement.png>
Package pdftex.def Info: USPSC-img/standard-3D-MOT-arrangement.png  used on inp
ut line 10.
(pdftex.def)             Requested size: 227.5pt x 273.70593pt.

Overfull \hbox (7.81297pt too wide) in paragraph at lines 16--17
\T1/lmr/m/n/12 atom, free to move along all Carte-sian axes, in-ter-acts with \
T1/lmr/m/it/12 three pairs \T1/lmr/m/n/12 of counter-propagating
 []

[45 <./USPSC-img/MOT_force.png>]
Overfull \hbox (0.97354pt too wide) detected at line 26
[][]\OT1/lmr/bx/n/12 F[]\OT1/lmr/m/n/12 (\OT1/lmr/bx/n/12 v\OT1/lmr/m/n/12 ) = 
[] [] [] \OT1/lmr/bx/n/12 e[]\OML/lmm/m/it/12 ;
 []

[46 <./USPSC-img/standard-3D-MOT-arrangement.png>] [47]
<USPSC-img/atomic-cloud-size-scaling.png, id=974, 770.88pt x 580.1675pt>
File: USPSC-img/atomic-cloud-size-scaling.png Graphic file (type png)
<use USPSC-img/atomic-cloud-size-scaling.png>
Package pdftex.def Info: USPSC-img/atomic-cloud-size-scaling.png  used on input
 line 68.
(pdftex.def)             Requested size: 273.00278pt x 205.46072pt.

Underfull \vbox (badness 6332) has occurred while \output is active []

 [48 <./USPSC-img/atomic-cloud-size-scaling.png>])
(./USPSC-TA-Textual/Magneto-Optical-Trap/Narrow-Line-MOT.tex [49]
<USPSC-img/atomic_cloud_shape_in_nMOTs.png, id=995, 384.43625pt x 473.77pt>
File: USPSC-img/atomic_cloud_shape_in_nMOTs.png Graphic file (type png)
<use USPSC-img/atomic_cloud_shape_in_nMOTs.png>
Package pdftex.def Info: USPSC-img/atomic_cloud_shape_in_nMOTs.png  used on inp
ut line 13.
(pdftex.def)             Requested size: 136.50139pt x 168.22206pt.

Underfull \vbox (badness 4217) has occurred while \output is active []

 [50 <./USPSC-img/atomic_cloud_shape_in_nMOTs.png>]
<USPSC-img/centre_of_mass_power_broadened_regime.png, id=1010, 181.67876pt x 31
3.17pt>
File: USPSC-img/centre_of_mass_power_broadened_regime.png Graphic file (type pn
g)
<use USPSC-img/centre_of_mass_power_broadened_regime.png>
Package pdftex.def Info: USPSC-img/centre_of_mass_power_broadened_regime.png  u
sed on input line 60.
(pdftex.def)             Requested size: 77.34917pt x 133.33202pt.
 [51])) [52 <./USPSC-img/centre_of_mass_power_broadened_regime.png>]
\openout2 = `USPSC-TA-Textual/Monte-Carlo-Simulation.aux'.

 (./USPSC-TA-Textual/Monte-Carlo-Simulation.tex
(./USPSC-TA-Textual/Monte-Carlo-Simulation/Stochastic-evolution.tex [53




]
<USPSC-img/polarization_basis.png, id=1053, 298.11375pt x 238.8925pt>
File: USPSC-img/polarization_basis.png Graphic file (type png)
<use USPSC-img/polarization_basis.png>
Package pdftex.def Info: USPSC-img/polarization_basis.png  used on input line 5
4.
(pdftex.def)             Requested size: 181.99722pt x 145.8445pt.

[54] [55 <./USPSC-img/polarization_basis.png>])
(./USPSC-TA-Textual/Monte-Carlo-Simulation/input-output.tex [56] [57] [58]))
[59]
\openout2 = `USPSC-TA-Textual/Results.aux'.

 (./USPSC-TA-Textual/Results.tex [60




]
(./USPSC-TA-Textual/Results/Dysprosium.tex [61]
<USPSC-img/Dy-Dreon-transitions.png, id=1144, 661.47125pt x 406.51875pt>
File: USPSC-img/Dy-Dreon-transitions.png Graphic file (type png)
<use USPSC-img/Dy-Dreon-transitions.png>
Package pdftex.def Info: USPSC-img/Dy-Dreon-transitions.png  used on input line
 33.
(pdftex.def)             Requested size: 181.99722pt x 111.84572pt.
<USPSC-img/Dreon-setup.png, id=1149, 174.8934pt x 177.0615pt>
File: USPSC-img/Dreon-setup.png Graphic file (type png)
<use USPSC-img/Dreon-setup.png>
Package pdftex.def Info: USPSC-img/Dreon-setup.png  used on input line 43.
(pdftex.def)             Requested size: 136.50139pt x 138.19383pt.

Underfull \hbox (badness 10000) in paragraph at lines 44--44
[][]|\T1/lmr/m/n/12 Laser beam ar-range-ment and
 []

<USPSC-img/dy_dreon_cloud_profile.png, id=1164, 433.62pt x 361.35pt>
File: USPSC-img/dy_dreon_cloud_profile.png Graphic file (type png)
<use USPSC-img/dy_dreon_cloud_profile.png>
Package pdftex.def Info: USPSC-img/dy_dreon_cloud_profile.png  used on input li
ne 93.
(pdftex.def)             Requested size: 227.5pt x 189.58478pt.
<USPSC-img/in-situ-atomic-cloud-Dreon.png, id=1167, 133.6995pt x 152.2488pt>
File: USPSC-img/in-situ-atomic-cloud-Dreon.png Graphic file (type png)
<use USPSC-img/in-situ-atomic-cloud-Dreon.png>
Package pdftex.def Info: USPSC-img/in-situ-atomic-cloud-Dreon.png  used on inpu
t line 100.
(pdftex.def)             Requested size: 127.39749pt x 145.07458pt.
[62 <./USPSC-img/Dy-Dreon-transitions.png> <./USPSC-img/Dreon-setup.png>]
<USPSC-img/dy_centre_of_mass.png, id=1181, 606.265pt x 425.59pt>
File: USPSC-img/dy_centre_of_mass.png Graphic file (type png)
<use USPSC-img/dy_centre_of_mass.png>
Package pdftex.def Info: USPSC-img/dy_centre_of_mass.png  used on input line 11
2.
(pdftex.def)             Requested size: 273.00278pt x 191.6436pt.

[63 <./USPSC-img/dy_dreon_cloud_profile.png> <./USPSC-img/in-situ-atomic-cloud-
Dreon.png>]
<USPSC-img/dy_cloud_size.png, id=1198, 602.25pt x 420.57124pt>
File: USPSC-img/dy_cloud_size.png Graphic file (type png)
<use USPSC-img/dy_cloud_size.png>
Package pdftex.def Info: USPSC-img/dy_cloud_size.png  used on input line 125.
(pdftex.def)             Requested size: 227.5pt x 158.86896pt.
<USPSC-img/dy_cloud_size_ratio.png, id=1199, 475.7775pt x 332.24126pt>
File: USPSC-img/dy_cloud_size_ratio.png Graphic file (type png)
<use USPSC-img/dy_cloud_size_ratio.png>
Package pdftex.def Info: USPSC-img/dy_cloud_size_ratio.png  used on input line 
132.
(pdftex.def)             Requested size: 204.74861pt x 142.97754pt.
 [64 <./USPSC-img/dy_centre_of_mass.png>]
<USPSC-img/dy_temperature.png, id=1208, 471.7625pt x 378.41376pt>
File: USPSC-img/dy_temperature.png Graphic file (type png)
<use USPSC-img/dy_temperature.png>
Package pdftex.def Info: USPSC-img/dy_temperature.png  used on input line 148.
(pdftex.def)             Requested size: 204.74861pt x 164.23334pt.
)
(./USPSC-TA-Textual/Results/Strontium.tex [65 <./USPSC-img/dy_cloud_size.png> <
./USPSC-img/dy_cloud_size_ratio.png>]
<USPSC-img/sr_loftus_cloud_profile.png, id=1232, 500.8311pt x 185.0112pt>
File: USPSC-img/sr_loftus_cloud_profile.png Graphic file (type png)
<use USPSC-img/sr_loftus_cloud_profile.png>
Package pdftex.def Info: USPSC-img/sr_loftus_cloud_profile.png  used on input l
ine 86.
(pdftex.def)             Requested size: 263.90083pt x 97.48802pt.
<USPSC-img/loftus-atomic-cloud-profile.png, id=1235, 217.2918pt x 72.7518pt>
File: USPSC-img/loftus-atomic-cloud-profile.png Graphic file (type png)
<use USPSC-img/loftus-atomic-cloud-profile.png>
Package pdftex.def Info: USPSC-img/loftus-atomic-cloud-profile.png  used on inp
ut line 93.
(pdftex.def)             Requested size: 172.90222pt x 57.89178pt.
 [66 <./USPSC-img/dy_temperature.png>]
[67 <./USPSC-img/sr_loftus_cloud_profile.png> <./USPSC-img/loftus-atomic-cloud-
profile.png>]
<USPSC-img/sr_centre_of_mass.png, id=1251, 433.62pt x 325.215pt>
File: USPSC-img/sr_centre_of_mass.png Graphic file (type png)
<use USPSC-img/sr_centre_of_mass.png>
Package pdftex.def Info: USPSC-img/sr_centre_of_mass.png  used on input line 10
6.
(pdftex.def)             Requested size: 227.5pt x 170.6263pt.
<USPSC-img/sr_loftus_cloud_size.png, id=1254, 361.35pt x 289.08pt>
File: USPSC-img/sr_loftus_cloud_size.png Graphic file (type png)
<use USPSC-img/sr_loftus_cloud_size.png>
Package pdftex.def Info: USPSC-img/sr_loftus_cloud_size.png  used on input line
 117.
(pdftex.def)             Requested size: 218.39806pt x 174.7197pt.
<USPSC-img/sr-ifsc-temperature_vs_detuning.png, id=1258, 433.62pt x 325.215pt>
File: USPSC-img/sr-ifsc-temperature_vs_detuning.png Graphic file (type png)
<use USPSC-img/sr-ifsc-temperature_vs_detuning.png>
Package pdftex.def Info: USPSC-img/sr-ifsc-temperature_vs_detuning.png  used on
 input line 136.
(pdftex.def)             Requested size: 218.39806pt x 163.79807pt.
<USPSC-img/sr_ifsc_temperature_vs_saturation.png, id=1259, 433.62pt x 325.215pt
>
File: USPSC-img/sr_ifsc_temperature_vs_saturation.png Graphic file (type png)
<use USPSC-img/sr_ifsc_temperature_vs_saturation.png>
Package pdftex.def Info: USPSC-img/sr_ifsc_temperature_vs_saturation.png  used 
on input line 143.
(pdftex.def)             Requested size: 218.39806pt x 163.79807pt.
 [68 <./USPSC-img/sr_centre_of_mass.png>])) [69 <./USPSC-img/sr_loftus_cloud_si
ze.png> <./USPSC-img/sr-ifsc-temperature_vs_detuning.png> <./USPSC-img/sr_ifsc_
temperature_vs_saturation.png>]
\openout2 = `USPSC-TA-Textual/Conclusion.aux'.

 (./USPSC-TA-Textual/Conclusion.tex [70




]) [71] (build/Master's degree thesis.bbl [72



]

Package hyperref Warning: Token not allowed in a PDF string (Unicode):
(hyperref)                removing `\uppercase' on input line 3.

bibitemlist
[73] [74] [75]) [76]
\openout2 = `USPSC-TA-PosTextual/Appendix.aux'.

 (./USPSC-TA-PosTextual/Appendix.tex
(./USPSC-TA-PosTextual/Appendix/density-operator.tex [77


] [78] [79]

LaTeX Warning: Reference `sec:master-equation' on page 80 undefined on input li
ne 127.

[80]) (./USPSC-TA-PosTextual/Appendix/scattering-cross-section.tex [81]
[82

]) (./USPSC-TA-PosTextual/Appendix/selection-rules.tex [83] [84

] [85]
[86])) [87] 
AED: lastpage setting LastPage
\tf@lof=\write6
\openout6 = `"Master's degree thesis.lof"'.

\tf@lot=\write7
\openout7 = `"Master's degree thesis.lot"'.

\tf@toc=\write8
\openout8 = `"Master's degree thesis.toc"'.

(build/Master's degree thesis.aux
(build/USPSC-TA-PreTextual/USPSC-Agradecimentos.aux)
(build/USPSC-TA-PreTextual/USPSC-Abstract.aux)
(build/USPSC-TA-Textual/introduction.aux)
(build/USPSC-TA-Textual/Atom-Light-Interaction.aux)
(build/USPSC-TA-Textual/Magneto-Optical-Trap.aux)
(build/USPSC-TA-Textual/Monte-Carlo-Simulation.aux)
(build/USPSC-TA-Textual/Results.aux) (build/USPSC-TA-Textual/Conclusion.aux)
(build/USPSC-TA-PosTextual/Appendix.aux))

LaTeX Warning: There were undefined references.


LaTeX Warning: There were multiply-defined labels.

 )
(\end occurred inside a group at level 1)

### simple group (level 1) entered at line 313 ({)
### bottom level 
Here is how much of TeX's memory you used:
 31756 strings out of 480113
 587426 string characters out of 5892773
 911939 words of memory out of 5000000
 48448 multiletter control sequences out of 15000+600000
 552535 words of font info for 78 fonts, out of 8000000 for 9000
 83 hyphenation exceptions out of 8191
 89i,17n,93p,1964b,908s stack positions out of 5000i,500n,10000p,200000b,80000s
{/usr/share/texmf/fonts/enc/dvips/lm/lm-mathsy.enc}{/usr/share/
texmf/fonts/enc/dvips/lm/lm-ts1.enc}{/usr/share/texmf/fonts/enc/dvips/lm/lm-rm.
enc}{/usr/share/texmf/fonts/enc/dvips/lm/lm-ec.enc}{/usr/share/texmf/fonts/enc/
dvips/lm/lm-mathit.enc}{/usr/share/texmf/fonts/enc/dvips/lm/lm-mathex.enc}</usr
/share/texmf/fonts/type1/public/lm/lmbx10.pfb></usr/share/texmf/fonts/type1/pub
lic/lm/lmbx12.pfb></usr/share/texmf/fonts/type1/public/lm/lmbx8.pfb></usr/share
/texmf/fonts/type1/public/lm/lmex10.pfb></usr/share/texmf/fonts/type1/public/lm
/lmmi10.pfb></usr/share/texmf/fonts/type1/public/lm/lmmi12.pfb></usr/share/texm
f/fonts/type1/public/lm/lmmi6.pfb></usr/share/texmf/fonts/type1/public/lm/lmmi8
.pfb></usr/share/texmf/fonts/type1/public/lm/lmr10.pfb></usr/share/texmf/fonts/
type1/public/lm/lmr12.pfb></usr/share/texmf/fonts/type1/public/lm/lmr6.pfb></us
r/share/texmf/fonts/type1/public/lm/lmr8.pfb></usr/share/texmf/fonts/type1/publ
ic/lm/lmri10.pfb></usr/share/texmf/fonts/type1/public/lm/lmri12.pfb></usr/share
/texmf/fonts/type1/public/lm/lmss12.pfb></usr/share/texmf/fonts/type1/public/lm
/lmssbx10.pfb></usr/share/texmf/fonts/type1/public/lm/lmsy10.pfb></usr/share/te
xmf/fonts/type1/public/lm/lmsy6.pfb></usr/share/texmf/fonts/type1/public/lm/lms
y8.pfb></usr/share/texlive/texmf-dist/fonts/type1/public/amsfonts/symbols/msam1
0.pfb></usr/share/texlive/texmf-dist/fonts/type1/public/amsfonts/symbols/msbm10
.pfb>
Output written on "build/Master's degree thesis.pdf" (89 pages, 1985965 bytes).

PDF statistics:
 1894 PDF objects out of 2073 (max. 8388607)
 1638 compressed objects within 17 object streams
 541 named destinations out of 1000 (max. 500000)
 661 words of extra memory for PDF output out of 10000 (max. 10000000)

